TN:
SF:script/2_deploySenderOnL2.s.sol
FN:22,DeploySenderOnL2Script.run
FNDA:0,DeploySenderOnL2Script.run
DA:23,0
FN:26,DeploySenderOnL2Script.mockrun
FNDA:113,DeploySenderOnL2Script.mockrun
DA:28,113
DA:31,113
DA:33,113
FN:39,DeploySenderOnL2Script._run
FNDA:113,DeploySenderOnL2Script._run
DA:41,113
DA:43,113
DA:46,113
DA:57,113
DA:58,113
BRDA:58,0,0,113
BRDA:58,0,1,-
DA:59,113
DA:65,0
DA:72,113
DA:82,113
DA:83,113
DA:84,113
DA:86,113
DA:88,113
BRDA:88,1,0,-
BRDA:88,1,1,113
DA:92,113
BRDA:92,2,0,-
BRDA:92,2,1,113
DA:96,113
BRDA:96,3,0,-
BRDA:96,3,1,113
DA:100,113
BRDA:100,4,0,-
BRDA:100,4,1,113
DA:105,113
BRDA:105,5,0,-
DA:106,0
DA:114,113
DA:116,113
FNF:3
FNH:2
LF:24
LH:21
BRF:11
BRH:5
end_of_record
TN:
SF:script/2b_upgradeSenderOnL2.s.sol
FN:23,UpgradeSenderOnL2Script.run
FNDA:0,UpgradeSenderOnL2Script.run
DA:24,0
FN:27,UpgradeSenderOnL2Script.mockrun
FNDA:1,UpgradeSenderOnL2Script.mockrun
DA:28,1
DA:29,1
FN:32,UpgradeSenderOnL2Script._run
FNDA:1,UpgradeSenderOnL2Script._run
DA:34,1
DA:36,1
DA:39,1
DA:41,1
DA:42,1
DA:47,1
DA:49,1
DA:54,1
DA:60,1
DA:61,1
DA:62,1
DA:64,1
DA:65,1
DA:67,1
BRDA:67,0,0,-
BRDA:67,0,1,1
DA:71,1
BRDA:71,1,0,-
BRDA:71,1,1,1
DA:75,1
BRDA:75,2,0,-
BRDA:75,2,1,1
DA:79,1
BRDA:79,3,0,-
BRDA:79,3,1,1
DA:83,1
BRDA:83,4,0,-
BRDA:83,4,1,1
DA:88,1
FNF:3
FNH:2
LF:22
LH:21
BRF:10
BRH:5
end_of_record
TN:
SF:script/3_deployReceiverOnL1.s.sol
FN:55,DeployReceiverOnL1Script.run
FNDA:0,DeployReceiverOnL1Script.run
DA:56,0
FN:59,DeployReceiverOnL1Script.mockrun
FNDA:113,DeployReceiverOnL1Script.mockrun
DA:61,113
DA:63,113
DA:67,113
DA:69,113
FN:76,DeployReceiverOnL1Script._run
FNDA:113,DeployReceiverOnL1Script._run
DA:78,113
DA:80,113
DA:90,113
DA:96,113
DA:98,113
DA:100,113
DA:102,113
DA:115,113
DA:117,113
DA:133,113
DA:146,113
DA:147,113
DA:148,113
DA:149,113
DA:152,113
DA:153,113
BRDA:153,0,0,113
BRDA:153,0,1,-
DA:154,113
DA:160,0
DA:166,113
DA:181,113
DA:182,113
DA:183,113
DA:184,113
DA:186,113
DA:187,113
DA:189,113
DA:190,113
DA:191,113
DA:192,113
DA:194,113
DA:197,113
BRDA:197,1,0,113
DA:198,113
DA:199,113
BRDA:199,2,0,-
BRDA:199,2,1,113
DA:202,113
BRDA:202,3,0,-
BRDA:202,3,1,113
DA:206,113
BRDA:206,4,0,-
BRDA:206,4,1,113
DA:210,113
BRDA:210,5,0,-
BRDA:210,5,1,113
DA:214,113
BRDA:214,6,0,-
BRDA:214,6,1,113
DA:218,113
BRDA:218,7,0,-
BRDA:218,7,1,113
DA:222,113
BRDA:222,8,0,-
BRDA:222,8,1,113
DA:226,113
BRDA:226,9,0,-
BRDA:226,9,1,113
DA:230,113
BRDA:230,10,0,-
BRDA:230,10,1,113
DA:235,113
DA:237,113
BRDA:237,11,0,-
DA:238,0
DA:250,113
FNF:3
FNH:2
LF:50
LH:47
BRF:22
BRH:11
end_of_record
TN:
SF:script/3b_upgradeReceiverOnL1.s.sol
FN:50,UpgradeReceiverOnL1Script.run
FNDA:0,UpgradeReceiverOnL1Script.run
DA:51,0
FN:54,UpgradeReceiverOnL1Script.mockrun
FNDA:1,UpgradeReceiverOnL1Script.mockrun
DA:55,1
DA:56,1
FN:59,UpgradeReceiverOnL1Script._run
FNDA:1,UpgradeReceiverOnL1Script._run
DA:61,1
DA:62,1
DA:64,1
DA:66,1
DA:76,1
DA:79,1
DA:81,1
DA:85,1
DA:86,1
DA:87,1
DA:88,1
DA:93,1
DA:97,1
DA:101,1
DA:104,1
DA:114,1
DA:118,1
DA:120,1
DA:122,1
DA:127,1
DA:129,1
DA:130,1
DA:132,1
DA:134,1
DA:135,1
DA:136,1
DA:138,1
BRDA:138,0,0,-
BRDA:138,0,1,1
DA:142,1
BRDA:142,1,0,-
BRDA:142,1,1,1
DA:146,1
BRDA:146,2,0,-
BRDA:146,2,1,1
DA:150,1
BRDA:150,3,0,-
BRDA:150,3,1,1
DA:154,1
BRDA:154,4,0,-
BRDA:154,4,1,1
DA:160,1
BRDA:160,5,0,-
DA:161,0
DA:173,1
FNF:3
FNH:2
LF:37
LH:35
BRF:11
BRH:5
end_of_record
TN:
SF:script/4_whitelistCCIPContracts.s.sol
FN:27,WhitelistCCIPContractsScript.run
FNDA:0,WhitelistCCIPContractsScript.run
DA:28,0
FN:31,WhitelistCCIPContractsScript.mockrun
FNDA:1,WhitelistCCIPContractsScript.mockrun
DA:32,1
FN:35,WhitelistCCIPContractsScript._run
FNDA:1,WhitelistCCIPContractsScript._run
DA:37,1
DA:38,1
DA:40,1
DA:41,1
DA:43,1
DA:48,1
DA:50,1
DA:53,1
DA:55,1
BRDA:55,0,0,-
BRDA:55,0,1,1
DA:56,1
BRDA:56,1,0,-
BRDA:56,1,1,1
DA:57,1
BRDA:57,2,0,-
BRDA:57,2,1,1
DA:58,1
BRDA:58,3,0,-
BRDA:58,3,1,1
DA:59,1
BRDA:59,4,0,-
BRDA:59,4,1,1
DA:61,1
DA:63,1
DA:64,1
DA:69,1
DA:70,1
DA:73,1
DA:74,1
DA:75,1
DA:78,1
DA:79,1
DA:81,1
DA:82,1
DA:83,1
DA:84,1
DA:85,1
DA:86,1
DA:88,1
DA:89,1
DA:91,1
DA:93,1
DA:95,1
DA:97,1
DA:99,1
DA:101,1
DA:104,1
DA:109,1
DA:111,1
BRDA:111,5,0,1
DA:112,1
DA:115,1
BRDA:115,6,0,-
BRDA:115,6,1,1
DA:119,1
BRDA:119,7,0,-
BRDA:119,7,1,1
DA:123,1
BRDA:123,8,0,-
BRDA:123,8,1,1
DA:127,1
BRDA:127,9,0,-
BRDA:127,9,1,1
DA:132,1
DA:137,1
DA:138,1
DA:140,1
DA:141,1
DA:142,1
DA:143,1
DA:146,1
DA:147,1
DA:149,1
DA:150,1
DA:153,1
DA:158,1
BRDA:158,10,0,-
BRDA:158,10,1,1
DA:162,1
BRDA:162,11,0,-
BRDA:162,11,1,1
DA:166,1
BRDA:166,12,0,-
BRDA:166,12,1,1
DA:170,1
BRDA:170,13,0,-
BRDA:170,13,1,1
DA:174,1
BRDA:174,14,0,-
BRDA:174,14,1,1
DA:178,1
BRDA:178,15,0,-
BRDA:178,15,1,1
DA:182,1
BRDA:182,16,0,-
BRDA:182,16,1,1
DA:187,1
FNF:3
FNH:2
LF:67
LH:66
BRF:33
BRH:17
end_of_record
TN:
SF:script/5_depositAndMintEigenAgent.s.sol
FN:24,DepositAndMintEigenAgentScript.run
FNDA:0,DepositAndMintEigenAgentScript.run
DA:25,0
DA:26,0
DA:27,0
DA:28,0
DA:29,0
FN:32,DepositAndMintEigenAgentScript.mockrun
FNDA:1,DepositAndMintEigenAgentScript.mockrun
DA:33,1
DA:34,1
DA:35,1
DA:36,1
DA:37,1
FN:40,DepositAndMintEigenAgentScript._run
FNDA:1,DepositAndMintEigenAgentScript._run
DA:42,1
DA:44,1
DA:46,1
DA:47,1
DA:52,1
BRDA:52,0,0,-
BRDA:52,0,1,1
DA:57,1
DA:58,1
DA:59,1
BRDA:59,1,0,1
BRDA:59,1,1,-
DA:60,1
DA:61,1
DA:63,0
BRDA:63,2,0,-
DA:64,0
DA:67,1
DA:68,1
DA:73,1
DA:75,1
DA:76,1
DA:79,1
DA:92,1
DA:95,1
DA:102,1
DA:104,1
DA:106,1
DA:108,1
DA:117,1
FNF:3
FNH:2
LF:35
LH:28
BRF:5
BRH:2
end_of_record
TN:
SF:script/5b_depositIntoStrategy.s.sol
FN:18,DepositIntoStrategyScript.run
FNDA:0,DepositIntoStrategyScript.run
DA:19,0
FN:22,DepositIntoStrategyScript.mockrun
FNDA:1,DepositIntoStrategyScript.mockrun
DA:23,1
FN:26,DepositIntoStrategyScript._run
FNDA:1,DepositIntoStrategyScript._run
DA:28,1
DA:29,1
DA:30,1
DA:32,1
DA:37,1
DA:39,1
DA:42,1
DA:47,1
BRDA:47,0,0,-
BRDA:47,0,1,1
DA:53,1
DA:55,1
DA:56,1
DA:59,1
DA:72,1
DA:73,1
DA:81,1
DA:83,1
DA:85,1
DA:94,1
FNF:3
FNH:2
LF:20
LH:19
BRF:2
BRH:1
end_of_record
TN:
SF:script/5d_checkMintEigenAgentGasCosts.s.sol
FN:14,CheckMintEigenAgentGasCostsScript.run
FNDA:0,CheckMintEigenAgentGasCostsScript.run
DA:15,0
FN:18,CheckMintEigenAgentGasCostsScript.mockrun
FNDA:1,CheckMintEigenAgentGasCostsScript.mockrun
DA:19,1
FN:22,CheckMintEigenAgentGasCostsScript._run
FNDA:1,CheckMintEigenAgentGasCostsScript._run
DA:24,1
DA:25,1
DA:26,1
DA:28,1
DA:33,1
DA:34,1
DA:36,1
DA:37,1
DA:38,1
DA:39,1
DA:41,1
FNF:3
FNH:2
LF:13
LH:12
BRF:0
BRH:0
end_of_record
TN:
SF:script/6_delegateTo.s.sol
FN:24,DelegateToScript.run
FNDA:0,DelegateToScript.run
DA:25,0
FN:28,DelegateToScript.mockrun
FNDA:1,DelegateToScript.mockrun
DA:29,1
FN:32,DelegateToScript._run
FNDA:1,DelegateToScript._run
DA:34,1
DA:35,1
DA:36,1
DA:38,1
DA:43,1
DA:45,1
DA:46,1
DA:48,1
BRDA:48,0,0,1
DA:50,1
DA:52,1
DA:59,1
DA:60,1
DA:62,1
DA:63,1
DA:66,1
DA:70,1
DA:71,1
BRDA:71,1,0,-
BRDA:71,1,1,1
DA:72,1
BRDA:72,2,0,-
BRDA:72,2,1,1
DA:73,1
BRDA:73,3,0,1
BRDA:73,3,1,-
DA:78,0
DA:79,0
DA:84,0
DA:87,0
DA:88,0
DA:90,0
DA:92,0
DA:102,0
DA:103,0
DA:105,0
DA:112,0
DA:125,0
DA:128,0
DA:136,0
DA:138,0
DA:147,0
FNF:3
FNH:2
LF:37
LH:20
BRF:7
BRH:4
end_of_record
TN:
SF:script/6b_undelegate.s.sol
FN:24,UndelegateScript.run
FNDA:0,UndelegateScript.run
DA:25,0
FN:28,UndelegateScript.mockrun
FNDA:1,UndelegateScript.mockrun
DA:29,1
FN:32,UndelegateScript._run
FNDA:1,UndelegateScript._run
DA:34,1
DA:35,1
DA:36,1
DA:38,1
DA:39,1
DA:40,1
DA:42,1
DA:45,1
DA:47,1
BRDA:47,0,0,-
BRDA:47,0,1,1
DA:48,1
BRDA:48,1,0,-
BRDA:48,1,1,1
DA:53,1
BRDA:53,2,0,-
DA:54,0
BRDA:54,3,0,-
BRDA:54,3,1,-
DA:69,1
DA:70,1
DA:71,1
DA:72,1
DA:73,1
DA:75,1
DA:76,1
DA:77,1
DA:78,1
DA:80,1
DA:81,1
DA:86,1
DA:89,1
DA:98,1
DA:101,1
DA:109,1
DA:111,1
DA:120,1
DA:126,1
DA:127,1
BRDA:127,4,0,1
DA:128,1
DA:134,1
FNF:3
FNH:2
LF:36
LH:34
BRF:8
BRH:3
end_of_record
TN:
SF:script/6c_redeposit.s.sol
FN:28,RedepositScript.run
FNDA:0,RedepositScript.run
DA:29,0
FN:32,RedepositScript.mockrun
FNDA:1,RedepositScript.mockrun
DA:33,1
FN:36,RedepositScript._run
FNDA:1,RedepositScript._run
DA:38,1
DA:39,1
DA:40,1
DA:42,1
DA:47,1
DA:50,1
DA:51,1
BRDA:51,0,0,-
BRDA:51,0,1,1
DA:53,1
DA:54,1
DA:55,1
DA:56,1
DA:57,1
DA:58,1
BRDA:58,1,0,-
BRDA:58,1,1,1
DA:63,1
DA:64,1
DA:65,1
DA:68,1
DA:73,1
DA:75,1
DA:76,1
DA:81,1
DA:83,1
BRDA:83,2,0,-
BRDA:83,2,1,1
DA:88,1
DA:89,1
DA:93,1
BRDA:93,3,0,-
BRDA:93,3,1,1
DA:99,1
DA:113,1
DA:116,1
DA:124,1
DA:126,1
DA:135,1
DA:138,1
DA:139,1
DA:140,1
BRDA:140,4,0,1
DA:141,1
DA:144,1
DA:157,0
DA:158,0
FNF:3
FNH:2
LF:40
LH:37
BRF:9
BRH:5
end_of_record
TN:
SF:script/7_queueWithdrawal.s.sol
FN:27,QueueWithdrawalScript.run
FNDA:0,QueueWithdrawalScript.run
DA:28,0
FN:31,QueueWithdrawalScript.mockrun
FNDA:1,QueueWithdrawalScript.mockrun
DA:32,1
FN:35,QueueWithdrawalScript._run
FNDA:1,QueueWithdrawalScript._run
DA:37,1
DA:38,1
DA:39,1
DA:41,1
BRDA:41,0,0,1
DA:44,1
DA:45,1
DA:51,1
DA:53,1
DA:54,1
DA:60,1
DA:62,1
DA:63,1
BRDA:63,1,0,-
BRDA:63,1,1,1
DA:64,0
BRDA:64,2,0,-
BRDA:64,2,1,-
DA:66,1
DA:67,1
DA:70,1
DA:76,1
DA:79,1
DA:80,1
DA:81,1
DA:82,1
DA:84,1
BRDA:84,3,0,-
BRDA:84,3,1,1
DA:89,1
DA:90,1
DA:92,1
DA:93,1
DA:95,1
DA:96,1
DA:102,1
DA:103,1
DA:105,1
DA:106,1
DA:111,1
DA:112,1
DA:113,1
DA:116,1
DA:119,1
DA:132,1
DA:134,1
DA:137,1
DA:146,1
DA:148,1
DA:157,1
DA:159,1
DA:160,1
BRDA:160,4,0,1
DA:161,1
DA:166,1
FNF:3
FNH:2
LF:49
LH:47
BRF:8
BRH:4
end_of_record
TN:
SF:script/8_completeWithdrawal.s.sol
FN:27,CompleteWithdrawalScript.run
FNDA:0,CompleteWithdrawalScript.run
DA:28,0
FN:31,CompleteWithdrawalScript.mockrun
FNDA:1,CompleteWithdrawalScript.mockrun
DA:32,1
FN:35,CompleteWithdrawalScript._run
FNDA:1,CompleteWithdrawalScript._run
DA:37,1
DA:38,1
DA:39,1
DA:41,1
DA:46,1
DA:48,1
DA:53,1
BRDA:53,0,0,-
BRDA:53,0,1,1
DA:55,1
DA:56,1
DA:57,1
DA:59,1
BRDA:59,1,0,-
BRDA:59,1,1,1
DA:64,1
DA:65,1
DA:66,1
DA:68,1
BRDA:68,2,0,1
DA:70,1
DA:71,1
DA:79,1
DA:84,1
DA:88,1
DA:94,1
DA:95,1
DA:100,1
DA:102,1
BRDA:102,3,0,-
BRDA:102,3,1,1
DA:107,1
DA:108,1
DA:110,1
DA:111,1
DA:113,1
DA:121,1
DA:131,1
DA:134,1
DA:142,1
DA:144,1
DA:153,1
DA:155,1
DA:156,1
DA:157,1
BRDA:157,4,0,1
DA:158,1
DA:161,1
DA:174,0
DA:175,0
FNF:3
FNH:2
LF:44
LH:41
BRF:8
BRH:5
end_of_record
TN:
SF:script/9_submitRewards.s.sol
FN:34,SubmitRewardsScript.run
FNDA:0,SubmitRewardsScript.run
DA:35,0
FN:38,SubmitRewardsScript.mockrun
FNDA:1,SubmitRewardsScript.mockrun
DA:39,1
FN:42,SubmitRewardsScript._run
FNDA:1,SubmitRewardsScript._run
DA:44,1
DA:45,1
DA:46,1
DA:48,1
DA:53,1
DA:55,1
DA:60,1
DA:61,1
DA:62,1
DA:63,1
DA:65,1
DA:68,1
FN:81,SubmitRewardsScript.submitRewards
FNDA:1,SubmitRewardsScript.submitRewards
DA:83,1
DA:86,1
DA:99,1
DA:100,1
DA:101,1
DA:103,1
BRDA:103,0,0,-
BRDA:103,0,1,1
DA:105,1
DA:106,1
DA:108,1
DA:110,1
DA:112,1
DA:114,0
DA:115,0
DA:117,0
BRDA:117,1,0,-
BRDA:117,1,1,-
DA:122,0
FNF:4
FNH:3
LF:29
LH:24
BRF:4
BRH:1
end_of_record
TN:
SF:script/9b_processClaimRewards.s.sol
FN:21,ProcessClaimRewardsScript.run
FNDA:0,ProcessClaimRewardsScript.run
DA:22,0
FN:25,ProcessClaimRewardsScript.mockrun
FNDA:1,ProcessClaimRewardsScript.mockrun
DA:26,1
FN:29,ProcessClaimRewardsScript._run
FNDA:1,ProcessClaimRewardsScript._run
DA:31,1
DA:32,1
DA:33,1
DA:35,1
DA:40,1
DA:42,1
DA:47,1
BRDA:47,0,0,-
BRDA:47,0,1,1
DA:48,1
DA:50,1
DA:51,1
DA:53,1
DA:63,1
DA:64,1
DA:72,0
DA:84,0
DA:86,0
DA:89,0
DA:97,0
DA:99,0
DA:108,0
FN:119,ProcessClaimRewardsScript.createClaim
FNDA:0,ProcessClaimRewardsScript.createClaim
DA:127,1
DA:128,1
DA:129,1
DA:134,1
DA:135,1
DA:140,1
DA:141,1
DA:143,1
DA:144,1
DA:146,1
FNF:4
FNH:2
LF:32
LH:24
BRF:2
BRH:1
end_of_record
TN:
SF:script/ClientEncoders.sol
FN:17,ClientEncoders.encodeDepositIntoStrategyMsg
FNDA:1,ClientEncoders.encodeDepositIntoStrategyMsg
DA:23,20
FN:32,ClientEncoders.encodeQueueWithdrawalsMsg
FNDA:1,ClientEncoders.encodeQueueWithdrawalsMsg
DA:36,8
FN:50,ClientEncoders.encodeCompleteWithdrawalMsg
FNDA:1,ClientEncoders.encodeCompleteWithdrawalMsg
DA:75,266
FN:85,ClientEncoders.encodeCompleteWithdrawalsMsg
FNDA:1,ClientEncoders.encodeCompleteWithdrawalsMsg
DA:110,2
FN:120,ClientEncoders.calculateWithdrawalRoot
FNDA:3,ClientEncoders.calculateWithdrawalRoot
DA:124,262
FN:127,ClientEncoders.calculateWithdrawalTransferRoot
FNDA:2,ClientEncoders.calculateWithdrawalTransferRoot
DA:132,8
FN:135,ClientEncoders.calculateRewardsRoot
FNDA:3,ClientEncoders.calculateRewardsRoot
DA:140,5
FN:143,ClientEncoders.calculateRewardsTransferRoot
FNDA:1,ClientEncoders.calculateRewardsTransferRoot
DA:149,3
FN:152,ClientEncoders.encodeTransferToAgentOwnerMsg
FNDA:2,ClientEncoders.encodeTransferToAgentOwnerMsg
DA:155,10
FN:162,ClientEncoders.encodeDelegateTo
FNDA:1,ClientEncoders.encodeDelegateTo
DA:189,7
FN:197,ClientEncoders.encodeUndelegateMsg
FNDA:1,ClientEncoders.encodeUndelegateMsg
DA:198,5
FN:205,ClientEncoders.encodeMintEigenAgentMsg
FNDA:1,ClientEncoders.encodeMintEigenAgentMsg
DA:206,279
FN:213,ClientEncoders.encodeProcessClaimMsg
FNDA:0,ClientEncoders.encodeProcessClaimMsg
DA:217,7
FNF:13
FNH:12
LF:13
LH:13
BRF:0
BRH:0
end_of_record
TN:
SF:script/ClientSigners.sol
FN:35,ClientSigners.checkSignature_EIP1271
FNDA:1,ClientSigners.checkSignature_EIP1271
DA:40,316
FN:43,ClientSigners.createEigenlayerDepositDigest
FNDA:1,ClientSigners.createEigenlayerDepositDigest
DA:54,1
DA:56,1
DA:58,1
DA:60,1
FN:63,ClientSigners.domainSeparator
FNDA:2,ClientSigners.domainSeparator
DA:68,334
DA:70,334
FN:77,ClientSigners.calculateDelegationApprovalDigestHash
FNDA:1,ClientSigners.calculateDelegationApprovalDigestHash
DA:88,8
DA:93,8
DA:97,8
DA:102,8
FN:105,ClientSigners.createEigenAgentCallDigestHash
FNDA:1,ClientSigners.createEigenAgentCallDigestHash
DA:114,322
DA:124,322
DA:130,322
FN:133,ClientSigners.signMessageForEigenAgentExecution
FNDA:1,ClientSigners.signMessageForEigenAgentExecution
DA:142,311
BRDA:142,0,0,-
BRDA:142,0,1,311
DA:143,311
BRDA:143,1,0,-
BRDA:143,1,1,311
DA:145,311
DA:146,311
DA:148,311
DA:157,311
DA:158,311
DA:159,311
DA:167,311
DA:174,311
DA:175,311
DA:176,311
DA:179,311
FN:182,ClientSigners._logClientEigenAgentExecutionMessage
FNDA:311,ClientSigners._logClientEigenAgentExecutionMessage
DA:189,311
DA:190,311
DA:191,311
DA:192,311
DA:193,311
DA:194,311
DA:195,311
DA:196,311
FN:199,ClientSigners._logClientSignature
FNDA:311,ClientSigners._logClientSignature
DA:200,311
DA:201,311
DA:202,311
DA:203,311
DA:204,311
DA:205,311
FNF:8
FNH:8
LF:41
LH:41
BRF:4
BRH:2
end_of_record
TN:
SF:script/RouterFees.sol
FN:11,RouterFees.getRouterFeesL1
FNDA:1,RouterFees.getRouterFeesL1
DA:19,4
DA:21,4
BRDA:21,0,0,2
BRDA:21,0,1,2
DA:24,2
DA:26,2
DA:27,2
DA:33,4
FN:47,RouterFees.getRouterFeesL2
FNDA:1,RouterFees.getRouterFeesL2
DA:55,13
DA:57,13
BRDA:57,1,0,9
BRDA:57,1,1,4
DA:60,9
DA:62,4
DA:63,4
DA:69,13
FNF:2
FNH:2
LF:12
LH:12
BRF:4
BRH:4
end_of_record
TN:
SF:src/6551/AgentFactory.sol
FN:42,AgentFactory.
FNDA:115,AgentFactory.
DA:43,115
FN:46,AgentFactory.initialize
FNDA:117,AgentFactory.initialize
DA:52,117
DA:53,1
BRDA:53,0,0,1
DA:55,116
DA:56,1
BRDA:56,1,0,1
DA:58,115
DA:59,1
BRDA:59,2,0,1
DA:61,114
DA:62,114
DA:63,114
DA:65,114
DA:66,114
FN:69,AgentFactory.onlyRestakingConnector
FNDA:23,AgentFactory.onlyRestakingConnector
DA:70,23
BRDA:70,3,0,3
BRDA:70,3,1,20
FN:74,AgentFactory.getRestakingConnector
FNDA:227,AgentFactory.getRestakingConnector
DA:75,227
FN:79,AgentFactory.setRestakingConnector
FNDA:116,AgentFactory.setRestakingConnector
DA:80,116
DA:81,1
BRDA:81,4,0,1
DA:83,115
FN:87,AgentFactory.set6551Registry
FNDA:2,AgentFactory.set6551Registry
DA:88,2
DA:89,1
BRDA:89,5,0,1
DA:91,1
FN:95,AgentFactory.setEigenAgentOwner721
FNDA:3,AgentFactory.setEigenAgentOwner721
DA:96,3
DA:97,1
BRDA:97,6,0,1
DA:99,2
FN:107,AgentFactory.getEigenAgentOwnerTokenId
FNDA:5,AgentFactory.getEigenAgentOwnerTokenId
DA:108,5
FN:116,AgentFactory.tryGetEigenAgentOrSpawn
FNDA:23,AgentFactory.tryGetEigenAgentOrSpawn
DA:121,20
DA:122,20
BRDA:122,7,0,5
DA:123,5
DA:125,15
FN:132,AgentFactory.spawnEigenAgentOnlyOwner
FNDA:58,AgentFactory.spawnEigenAgentOnlyOwner
DA:137,58
FN:146,AgentFactory.updateEigenAgentOwnerTokenId
FNDA:77,AgentFactory.updateEigenAgentOwnerTokenId
DA:151,77
BRDA:151,8,0,1
BRDA:151,8,1,76
DA:155,76
DA:156,76
DA:157,76
FN:164,AgentFactory.getEigenAgent
FNDA:17,AgentFactory.getEigenAgent
DA:165,37
FN:175,AgentFactory._spawnEigenAgent6551
FNDA:73,AgentFactory._spawnEigenAgent6551
DA:177,73
BRDA:177,9,0,2
BRDA:177,9,1,71
DA:180,71
DA:181,71
DA:184,71
DA:194,71
DA:196,71
DA:198,71
FNF:13
FNH:13
LF:41
LH:41
BRF:13
BRH:13
end_of_record
TN:
SF:src/6551/EigenAgent6551.sol
FN:35,EigenAgent6551.onlyWhitelistedCallers
FNDA:25,EigenAgent6551.onlyWhitelistedCallers
DA:37,25
DA:38,25
BRDA:38,0,0,3
DA:39,3
FN:52,EigenAgent6551.approveByWhitelistedContract
FNDA:25,EigenAgent6551.approveByWhitelistedContract
DA:57,22
FN:73,EigenAgent6551.executeWithSignature
FNDA:40,EigenAgent6551.executeWithSignature
DA:91,40
DA:100,40
BRDA:100,1,0,5
DA:101,5
DA:102,5
DA:105,35
DA:106,35
DA:108,35
DA:110,35
DA:113,35
BRDA:113,2,0,3
DA:115,3
DA:119,32
FN:128,EigenAgent6551.isValidSignature
FNDA:2,EigenAgent6551.isValidSignature
DA:132,42
DA:133,42
BRDA:133,3,0,36
BRDA:133,3,1,6
DA:134,36
DA:136,6
FN:149,EigenAgent6551.createEigenAgentCallDigestHash
FNDA:3,EigenAgent6551.createEigenAgentCallDigestHash
DA:158,43
DA:168,43
DA:174,43
FN:182,EigenAgent6551.domainSeparator
FNDA:1,EigenAgent6551.domainSeparator
DA:186,44
FNF:6
FNH:6
LF:23
LH:23
BRF:5
BRH:5
end_of_record
TN:
SF:src/6551/EigenAgentOwner721.sol
FN:19,EigenAgentOwner721.
FNDA:114,EigenAgentOwner721.
DA:20,114
FN:23,EigenAgentOwner721.initialize
FNDA:113,EigenAgentOwner721.initialize
DA:25,113
DA:26,113
DA:27,113
DA:29,113
FN:32,EigenAgentOwner721.onlyAgentFactory
FNDA:74,EigenAgentOwner721.onlyAgentFactory
DA:33,74
BRDA:33,0,0,2
BRDA:33,0,1,72
FN:37,EigenAgentOwner721.getAgentFactory
FNDA:114,EigenAgentOwner721.getAgentFactory
DA:38,114
FN:42,EigenAgentOwner721.setAgentFactory
FNDA:115,EigenAgentOwner721.setAgentFactory
DA:43,115
BRDA:43,1,0,1
BRDA:43,1,1,114
DA:44,114
FN:54,EigenAgentOwner721.addToWhitelistedCallers
FNDA:116,EigenAgentOwner721.addToWhitelistedCallers
DA:55,115
FN:59,EigenAgentOwner721.removeFromWhitelistedCallers
FNDA:2,EigenAgentOwner721.removeFromWhitelistedCallers
DA:60,2
FN:63,EigenAgentOwner721.isWhitelistedCaller
FNDA:25,EigenAgentOwner721.isWhitelistedCaller
DA:64,25
FN:67,EigenAgentOwner721.mint
FNDA:74,EigenAgentOwner721.mint
DA:68,72
FN:71,EigenAgentOwner721._mint
FNDA:72,EigenAgentOwner721._mint
DA:72,72
DA:73,72
DA:74,72
DA:75,72
DA:76,72
FN:83,EigenAgentOwner721._afterTokenTransfer
FNDA:75,EigenAgentOwner721._afterTokenTransfer
DA:88,75
BRDA:88,2,0,1
BRDA:88,2,1,74
DA:89,74
FNF:11
FNH:11
LF:20
LH:20
BRF:6
BRH:6
end_of_record
TN:
SF:src/BaseMessengerCCIP.sol
FN:58,BaseMessengerCCIP.
FNDA:231,BaseMessengerCCIP.
DA:63,231
BRDA:63,0,0,1
BRDA:63,0,1,230
DA:64,230
BRDA:64,1,0,1
BRDA:64,1,1,229
DA:65,229
DA:66,229
FN:69,BaseMessengerCCIP.__BaseMessengerCCIP_init
FNDA:226,BaseMessengerCCIP.__BaseMessengerCCIP_init
DA:70,226
FN:74,BaseMessengerCCIP.onlyAllowlistedDestinationChain
FNDA:21,BaseMessengerCCIP.onlyAllowlistedDestinationChain
DA:75,21
DA:76,2
BRDA:76,2,0,2
FN:81,BaseMessengerCCIP.validateReceiver
FNDA:19,BaseMessengerCCIP.validateReceiver
DA:82,19
BRDA:82,3,0,2
FN:88,BaseMessengerCCIP.onlyAllowlisted
FNDA:52,BaseMessengerCCIP.onlyAllowlisted
DA:89,52
DA:90,2
BRDA:90,4,0,2
DA:91,50
BRDA:91,5,0,4
FN:97,BaseMessengerCCIP.allowlistDestinationChain
FNDA:562,BaseMessengerCCIP.allowlistDestinationChain
DA:101,562
FN:106,BaseMessengerCCIP.allowlistSourceChain
FNDA:562,BaseMessengerCCIP.allowlistSourceChain
DA:110,562
FN:115,BaseMessengerCCIP.allowlistSender
FNDA:558,BaseMessengerCCIP.allowlistSender
DA:116,558
FN:119,BaseMessengerCCIP.setBridgeTokens
FNDA:226,BaseMessengerCCIP.setBridgeTokens
DA:120,225
BRDA:120,6,0,1
BRDA:120,6,1,224
DA:121,224
BRDA:121,7,0,1
BRDA:121,7,1,223
DA:122,223
DA:123,223
FN:136,BaseMessengerCCIP.sendMessagePayNative
FNDA:21,BaseMessengerCCIP.sendMessagePayNative
DA:151,17
DA:160,15
DA:162,15
DA:164,15
BRDA:164,8,0,9
BRDA:164,8,1,5
DA:166,9
DA:167,2
BRDA:167,9,0,2
DA:170,6
DA:171,1
BRDA:171,10,0,1
DA:175,12
BRDA:175,11,0,2
DA:176,2
DA:179,12
DA:181,12
DA:186,12
DA:196,12
FN:220,BaseMessengerCCIP.
FNDA:0,BaseMessengerCCIP.
FN:224,BaseMessengerCCIP.withdraw
FNDA:5,BaseMessengerCCIP.withdraw
DA:225,4
DA:226,4
BRDA:226,12,0,1
DA:227,3
DA:228,3
BRDA:228,13,0,1
FN:233,BaseMessengerCCIP.withdrawToken
FNDA:3,BaseMessengerCCIP.withdrawToken
DA:237,2
DA:238,2
BRDA:238,14,0,1
DA:239,1
FNF:13
FNH:12
LF:39
LH:39
BRF:20
BRH:20
end_of_record
TN:
SF:src/ReceiverCCIP.sol
FN:56,ReceiverCCIP.
FNDA:115,ReceiverCCIP.
DA:61,115
FN:66,ReceiverCCIP.initialize
FNDA:115,ReceiverCCIP.initialize
DA:71,115
DA:72,1
BRDA:72,0,0,1
DA:74,114
DA:75,1
BRDA:75,1,0,1
DA:77,113
DA:78,113
DA:80,113
FN:83,ReceiverCCIP.getSenderContractL2Addr
FNDA:2,ReceiverCCIP.getSenderContractL2Addr
DA:84,2
FN:87,ReceiverCCIP.setSenderContractL2Addr
FNDA:115,ReceiverCCIP.setSenderContractL2Addr
DA:88,114
DA:89,1
BRDA:89,2,0,1
DA:91,113
FN:94,ReceiverCCIP.getRestakingConnector
FNDA:115,ReceiverCCIP.getRestakingConnector
DA:95,115
FN:98,ReceiverCCIP.setRestakingConnector
FNDA:4,ReceiverCCIP.setRestakingConnector
DA:99,3
DA:100,1
BRDA:100,3,0,1
DA:102,2
FN:110,ReceiverCCIP.amountRefunded
FNDA:1,ReceiverCCIP.amountRefunded
DA:111,1
FN:119,ReceiverCCIP.setAmountRefundedToMessageId
FNDA:3,ReceiverCCIP.setAmountRefundedToMessageId
DA:120,2
DA:121,2
DA:122,2
FN:132,ReceiverCCIP._ccipReceive
FNDA:40,ReceiverCCIP._ccipReceive
DA:140,37
DA:141,37
DA:143,37
BRDA:143,4,0,16
BRDA:143,4,1,16
DA:144,16
DA:145,16
DA:147,21
DA:148,21
DA:151,37
DA:153,29
DA:161,8
DA:163,8
DA:166,8
BRDA:166,5,0,6
BRDA:166,5,1,1
DA:169,6
DA:170,6
DA:171,6
DA:172,5
BRDA:172,6,0,5
BRDA:168,6,1,1
DA:174,5
DA:176,5
DA:180,1
DA:184,1
DA:186,1
DA:190,2
FN:201,ReceiverCCIP.dispatchMessageToEigenAgent
FNDA:293,ReceiverCCIP.dispatchMessageToEigenAgent
DA:207,293
BRDA:207,7,0,256
BRDA:207,7,1,37
DA:209,37
DA:210,37
DA:212,37
BRDA:212,8,0,16
BRDA:212,8,1,1
DA:214,16
DA:216,16
DA:218,21
BRDA:218,9,0,5
BRDA:218,9,1,1
DA:220,5
DA:222,16
BRDA:222,10,0,4
BRDA:222,10,1,1
DA:224,4
DA:226,12
BRDA:226,11,0,4
BRDA:226,11,1,1
DA:228,4
DA:234,4
DA:236,4
BRDA:236,12,0,2
BRDA:236,12,1,2
DA:242,2
DA:251,2
DA:259,8
BRDA:259,13,0,5
BRDA:259,13,1,1
DA:261,5
DA:263,3
BRDA:263,14,0,2
BRDA:263,14,1,1
DA:265,2
DA:267,1
BRDA:267,15,0,1
DA:269,1
DA:274,1
DA:276,1
BRDA:276,16,0,1
DA:278,1
DA:287,1
FN:303,ReceiverCCIP._refundToSignerAfterExpiry
FNDA:5,ReceiverCCIP._refundToSignerAfterExpiry
DA:309,5
DA:313,5
DA:315,5
BRDA:315,17,0,2
BRDA:315,17,1,2
DA:317,2
DA:326,2
DA:330,3
FN:354,ReceiverCCIP._buildCCIPMessage
FNDA:8,ReceiverCCIP._buildCCIPMessage
DA:363,8
DA:364,8
BRDA:364,18,0,2
BRDA:364,18,1,6
DA:367,2
DA:369,6
DA:370,6
DA:376,8
DA:378,8
DA:380,8
DA:381,8
BRDA:381,19,0,3
DA:382,3
DA:385,8
FNF:12
FNH:12
LF:85
LH:85
BRF:33
BRH:33
end_of_record
TN:
SF:src/RestakingConnector.sol
FN:54,RestakingConnector.
FNDA:116,RestakingConnector.
DA:55,116
FN:58,RestakingConnector.initialize
FNDA:114,RestakingConnector.initialize
DA:60,114
DA:61,1
BRDA:61,0,0,1
DA:63,113
DA:65,113
FN:68,RestakingConnector.onlyReceiverCCIP
FNDA:3,RestakingConnector.onlyReceiverCCIP
DA:69,3
BRDA:69,1,0,1
BRDA:69,1,1,5
FN:73,RestakingConnector.getReceiverCCIP
FNDA:114,RestakingConnector.getReceiverCCIP
DA:74,114
FN:78,RestakingConnector.setReceiverCCIP
FNDA:114,RestakingConnector.setReceiverCCIP
DA:79,114
FN:82,RestakingConnector.getAgentFactory
FNDA:115,RestakingConnector.getAgentFactory
DA:83,115
FN:87,RestakingConnector.setAgentFactory
FNDA:4,RestakingConnector.setAgentFactory
DA:88,3
DA:89,1
BRDA:89,2,0,1
DA:91,2
FN:94,RestakingConnector.getEigenlayerContracts
FNDA:1,RestakingConnector.getEigenlayerContracts
DA:100,1
FN:103,RestakingConnector.setEigenlayerContracts
FNDA:230,RestakingConnector.setEigenlayerContracts
DA:110,229
DA:111,1
BRDA:111,3,0,1
DA:113,228
DA:114,1
BRDA:114,4,0,1
DA:116,227
DA:117,1
BRDA:117,5,0,1
DA:119,226
DA:120,1
BRDA:120,6,0,1
DA:122,225
DA:123,225
DA:124,225
DA:125,225
FN:134,RestakingConnector.getGasLimitForFunctionSelector
FNDA:11,RestakingConnector.getGasLimitForFunctionSelector
DA:139,11
DA:140,11
FN:149,RestakingConnector.setGasLimitsForFunctionSelectors
FNDA:2,RestakingConnector.setGasLimitsForFunctionSelectors
DA:154,2
BRDA:154,7,0,1
BRDA:154,7,1,1
DA:156,1
DA:157,2
DA:158,2
FN:168,RestakingConnector.getQueueWithdrawalBlock
FNDA:1,RestakingConnector.getQueueWithdrawalBlock
DA:169,1
FN:182,RestakingConnector.setQueueWithdrawalBlock
FNDA:2,RestakingConnector.setQueueWithdrawalBlock
DA:187,1
DA:188,1
FN:208,RestakingConnector.depositWithEigenAgent
FNDA:17,RestakingConnector.depositWithEigenAgent
DA:210,16
DA:219,16
DA:222,16
DA:226,15
DA:233,14
DA:239,14
DA:245,9
DA:247,5
DA:248,5
DA:251,1
DA:252,1
FN:261,RestakingConnector.mintEigenAgent
FNDA:6,RestakingConnector.mintEigenAgent
DA:263,5
DA:264,5
FN:271,RestakingConnector.queueWithdrawalsWithEigenAgent
FNDA:5,RestakingConnector.queueWithdrawalsWithEigenAgent
DA:272,4
DA:279,4
DA:283,3
DA:284,3
DA:286,3
DA:287,3
DA:289,3
FN:312,RestakingConnector.completeWithdrawalWithEigenAgent
FNDA:5,RestakingConnector.completeWithdrawalWithEigenAgent
DA:325,4
DA:335,4
DA:338,4
DA:341,4
DA:355,4
DA:357,4
DA:360,5
DA:366,5
BRDA:366,8,0,1
BRDA:366,8,1,2
DA:369,1
DA:378,4
DA:379,4
DA:380,4
DA:381,4
DA:386,4
DA:391,2
BRDA:391,9,0,2
DA:392,2
FN:412,RestakingConnector.delegateToWithEigenAgent
FNDA:6,RestakingConnector.delegateToWithEigenAgent
DA:413,5
DA:422,5
DA:424,5
DA:426,5
FN:440,RestakingConnector.undelegateWithEigenAgent
FNDA:3,RestakingConnector.undelegateWithEigenAgent
DA:441,2
DA:448,2
DA:450,2
DA:452,2
DA:454,2
DA:456,2
FN:466,RestakingConnector.processClaimWithEigenAgent
FNDA:1,RestakingConnector.processClaimWithEigenAgent
DA:476,1
DA:477,1
DA:478,1
DA:481,1
DA:489,1
DA:492,1
DA:494,1
DA:495,1
DA:496,1
DA:498,1
DA:508,1
DA:510,1
DA:512,1
DA:514,2
DA:515,2
DA:518,2
DA:525,2
BRDA:525,10,0,1
BRDA:525,10,1,1
DA:527,1
DA:533,1
DA:541,1
DA:548,1
DA:549,1
DA:550,1
DA:557,1
FNF:20
FNH:20
LF:104
LH:104
BRF:15
BRH:15
end_of_record
TN:
SF:src/SenderCCIP.sol
FN:23,SenderCCIP.
FNDA:116,SenderCCIP.
DA:28,114
FN:31,SenderCCIP.initialize
FNDA:113,SenderCCIP.initialize
DA:32,113
FN:35,SenderCCIP.getSenderHooks
FNDA:115,SenderCCIP.getSenderHooks
DA:36,115
FN:40,SenderCCIP.setSenderHooks
FNDA:117,SenderCCIP.setSenderHooks
DA:41,116
BRDA:41,0,0,1
BRDA:41,0,1,115
DA:42,115
FN:57,SenderCCIP._ccipReceive
FNDA:12,SenderCCIP._ccipReceive
DA:66,9
DA:67,9
DA:69,9
BRDA:69,1,0,4
BRDA:69,1,1,4
DA:70,4
DA:71,4
DA:73,5
DA:74,5
DA:77,9
DA:79,7
FN:94,SenderCCIP._afterCCIPReceiveMessage
FNDA:9,SenderCCIP._afterCCIPReceiveMessage
DA:96,9
DA:97,9
DA:99,9
BRDA:99,2,0,4
BRDA:99,2,1,2
DA:101,4
DA:104,4
DA:107,2
DA:110,5
FN:130,SenderCCIP._buildCCIPMessage
FNDA:9,SenderCCIP._buildCCIPMessage
DA:139,9
DA:140,9
BRDA:140,3,0,8
BRDA:140,3,1,1
DA:143,8
DA:145,1
DA:146,1
DA:152,9
DA:154,9
DA:156,7
BRDA:156,4,0,5
DA:157,5
DA:160,7
FNF:7
FNH:7
LF:31
LH:31
BRF:9
BRH:9
end_of_record
TN:
SF:src/SenderHooks.sol
FN:48,SenderHooks.
FNDA:115,SenderHooks.
DA:49,115
FN:52,SenderHooks.initialize
FNDA:114,SenderHooks.initialize
DA:53,113
FN:56,SenderHooks.onlySenderCCIP
FNDA:269,SenderHooks.onlySenderCCIP
DA:57,269
BRDA:57,0,0,256
BRDA:57,0,1,13
FN:61,SenderHooks.getSenderCCIP
FNDA:115,SenderHooks.getSenderCCIP
DA:62,115
FN:66,SenderHooks.setSenderCCIP
FNDA:117,SenderHooks.setSenderCCIP
DA:67,116
DA:68,1
BRDA:68,1,0,1
DA:70,115
FN:84,SenderHooks.getGasLimitForFunctionSelector
FNDA:6,SenderHooks.getGasLimitForFunctionSelector
DA:89,14
DA:90,14
FN:99,SenderHooks.setGasLimitsForFunctionSelectors
FNDA:2,SenderHooks.setGasLimitsForFunctionSelectors
DA:103,2
BRDA:103,2,0,1
BRDA:103,2,1,1
DA:104,1
DA:105,2
DA:106,2
FN:124,SenderHooks.getFundsTransferCommitment
FNDA:2,SenderHooks.getFundsTransferCommitment
DA:127,2
FN:135,SenderHooks.isTransferRootSpent
FNDA:1,SenderHooks.isTransferRootSpent
DA:136,1
FN:145,SenderHooks.calculateWithdrawalTransferRoot
FNDA:1,SenderHooks.calculateWithdrawalTransferRoot
DA:150,4
FN:160,SenderHooks.calculateRewardsTransferRoot
FNDA:1,SenderHooks.calculateRewardsTransferRoot
DA:166,3
FN:175,SenderHooks.handleTransferToAgentOwner
FNDA:4,SenderHooks.handleTransferToAgentOwner
DA:177,4
DA:179,4
DA:181,4
BRDA:181,3,0,2
BRDA:181,3,1,2
DA:187,2
DA:190,2
DA:191,2
DA:193,2
DA:195,2
FN:206,SenderHooks.beforeSendCCIPMessage
FNDA:269,SenderHooks.beforeSendCCIPMessage
DA:212,13
DA:214,13
BRDA:214,4,0,12
DA:216,12
BRDA:216,5,0,1
DA:219,12
BRDA:219,6,0,4
BRDA:219,6,1,6
DA:221,4
DA:222,8
BRDA:222,7,0,3
DA:224,3
DA:227,8
FN:230,SenderHooks._commitWithdrawalTransferRootInfo
FNDA:4,SenderHooks._commitWithdrawalTransferRootInfo
DA:232,4
BRDA:232,8,0,1
BRDA:232,8,1,3
DA:237,3
DA:245,3
DA:247,3
DA:249,3
DA:252,3
BRDA:252,9,0,3
DA:261,3
DA:269,3
BRDA:269,10,0,1
BRDA:269,10,1,2
DA:275,2
DA:280,2
FN:291,SenderHooks._commitRewardsTransferRootInfo
FNDA:3,SenderHooks._commitRewardsTransferRootInfo
DA:293,3
BRDA:293,11,0,1
BRDA:293,11,1,2
DA:298,2
DA:304,2
DA:306,2
DA:308,2
DA:310,3
DA:311,3
DA:315,3
BRDA:315,12,0,2
BRDA:315,12,1,1
DA:319,2
DA:328,2
BRDA:328,13,0,1
BRDA:328,13,1,1
DA:334,1
DA:339,1
FN:358,SenderHooks._calculateWithdrawalRoot
FNDA:3,SenderHooks._calculateWithdrawalRoot
DA:361,3
FN:368,SenderHooks._calculateRewardsRoot
FNDA:2,SenderHooks._calculateRewardsRoot
DA:371,2
FNF:17
FNH:17
LF:57
LH:57
BRF:23
BRH:23
end_of_record
TN:
SF:src/utils/Adminable.sol
FN:16,Adminable.__Adminable_init
FNDA:555,Adminable.__Adminable_init
DA:17,555
FN:20,Adminable.onlyAdmin
FNDA:2,Adminable.onlyAdmin
DA:21,2
BRDA:21,0,0,1
BRDA:21,0,1,1
FN:25,Adminable.onlyAdminOrOwner
FNDA:407,Adminable.onlyAdminOrOwner
DA:26,407
BRDA:26,1,0,2
BRDA:26,1,1,233
FN:30,Adminable.addAdmin
FNDA:459,Adminable.addAdmin
DA:31,458
FN:34,Adminable.removeAdmin
FNDA:2,Adminable.removeAdmin
DA:35,1
FN:38,Adminable.isAdmin
FNDA:2,Adminable.isAdmin
DA:39,5
FN:42,Adminable.isOwner
FNDA:176,Adminable.isOwner
DA:43,176
FNF:7
FNH:7
LF:7
LH:7
BRF:4
BRH:4
end_of_record
TN:
SF:src/utils/BytesLib.sol
FN:13,BytesLib.slice
FNDA:9,BytesLib.slice
DA:22,9
BRDA:22,0,0,1
BRDA:22,0,1,8
DA:24,8
DA:29,8
DA:32,7
DA:35,7
DA:42,7
DA:43,7
DA:48,23
DA:50,16
DA:51,16
DA:52,16
DA:54,16
DA:59,7
DA:65,7
DA:68,1
DA:69,1
DA:72,1
DA:76,1
DA:80,8
FNF:1
FNH:1
LF:19
LH:19
BRF:2
BRH:2
end_of_record
TN:
SF:src/utils/EigenlayerMsgDecoders.sol
FN:23,AgentOwnerSignature.decodeAgentOwnerSignature
FNDA:47,AgentOwnerSignature.decodeAgentOwnerSignature
DA:29,47
DA:30,47
DA:31,47
DA:34,47
DA:35,47
DA:36,47
DA:37,47
DA:38,47
DA:41,47
DA:43,47
FN:72,EigenlayerMsgDecoders.decodeDepositIntoStrategyMsg
FNDA:3,EigenlayerMsgDecoders.decodeDepositIntoStrategyMsg
DA:98,19
DA:99,19
DA:100,19
DA:103,19
FN:111,EigenlayerMsgDecoders.decodeMintEigenAgent
FNDA:1,EigenlayerMsgDecoders.decodeMintEigenAgent
DA:123,6
FN:142,EigenlayerMsgDecoders.decodeQueueWithdrawalsMsg
FNDA:2,EigenlayerMsgDecoders.decodeQueueWithdrawalsMsg
DA:168,6
DA:170,6
DA:173,6
BRDA:173,0,0,2
BRDA:173,0,1,4
DA:175,4
DA:177,4
DA:178,6
DA:179,6
DA:180,6
DA:183,4
DA:185,4
DA:190,4
FN:198,EigenlayerMsgDecoders._decodeSingleQueueWithdrawalMsg
FNDA:6,EigenlayerMsgDecoders._decodeSingleQueueWithdrawalMsg
DA:252,6
DA:253,6
DA:254,6
DA:255,6
DA:257,6
DA:258,6
DA:261,6
DA:264,6
DA:266,6
DA:270,6
DA:274,6
DA:276,6
DA:277,6
DA:281,6
DA:283,6
DA:284,10
DA:287,10
DA:289,10
DA:293,6
DA:295,6
DA:296,10
DA:299,10
DA:301,10
DA:305,6
FN:330,EigenlayerMsgDecoders.decodeCompleteWithdrawalMsg
FNDA:1,EigenlayerMsgDecoders.decodeCompleteWithdrawalMsg
DA:387,8
DA:389,8
DA:395,8
DA:397,8
FN:404,EigenlayerMsgDecoders._decodeCompleteWithdrawalMsgPart1
FNDA:8,EigenlayerMsgDecoders._decodeCompleteWithdrawalMsgPart1
DA:412,8
DA:413,8
DA:414,8
DA:415,8
DA:416,8
DA:418,8
DA:419,8
DA:420,8
DA:421,8
DA:422,8
DA:424,8
DA:425,8
DA:426,8
DA:427,8
DA:428,8
DA:432,8
DA:433,8
DA:434,8
DA:435,8
DA:438,8
DA:439,8
DA:440,8
DA:441,8
DA:444,8
DA:445,8
DA:447,8
DA:448,9
DA:450,9
DA:452,9
DA:455,8
DA:456,9
DA:458,9
DA:460,9
DA:463,8
DA:464,8
FN:468,EigenlayerMsgDecoders._decodeCompleteWithdrawalMsgPart2
FNDA:8,EigenlayerMsgDecoders._decodeCompleteWithdrawalMsgPart2
DA:476,8
DA:477,8
DA:478,8
DA:481,8
DA:482,8
DA:483,8
DA:485,8
DA:488,8
DA:489,8
DA:490,9
DA:493,9
DA:495,9
DA:498,8
FN:514,EigenlayerMsgDecoders.decodeTransferToAgentOwnerMsg
FNDA:2,EigenlayerMsgDecoders.decodeTransferToAgentOwnerMsg
DA:525,6
DA:526,6
DA:529,6
DA:530,6
DA:533,6
FN:547,EigenlayerMsgDecoders.decodeProcessClaimMsg
FNDA:4,EigenlayerMsgDecoders.decodeProcessClaimMsg
DA:611,7
DA:612,7
DA:613,7
DA:614,7
DA:615,7
DA:617,7
DA:619,7
DA:620,7
DA:623,7
DA:624,7
DA:625,7
DA:627,7
DA:628,7
DA:629,7
DA:632,7
DA:640,6
DA:650,5
DA:652,5
DA:655,5
DA:657,5
DA:663,5
FN:672,EigenlayerMsgDecoders._decodeProcessClaimMsg_Part1
FNDA:7,EigenlayerMsgDecoders._decodeProcessClaimMsg_Part1
DA:683,7
DA:684,7
DA:685,7
DA:688,7
DA:689,7
DA:690,7
DA:693,7
DA:694,7
DA:695,7
DA:698,7
DA:699,14
DA:701,14
DA:703,14
DA:705,14
DA:709,7
DA:713,14
DA:714,14
DA:716,14
DA:719,14
DA:727,6
DA:728,12
DA:729,12
DA:730,12
DA:731,12
DA:734,12
DA:735,12
DA:737,12
DA:744,6
FN:751,EigenlayerMsgDecoders._getTokenTreeProof
FNDA:14,EigenlayerMsgDecoders._getTokenTreeProof
DA:757,14
DA:758,14
DA:760,14
DA:762,14
DA:765,14
BRDA:765,1,0,1
BRDA:765,1,1,13
DA:767,13
DA:771,13
DA:781,13
FN:798,EigenlayerMsgDecoders._decodeProcessClaimMsg_Part2
FNDA:6,EigenlayerMsgDecoders._decodeProcessClaimMsg_Part2
DA:803,6
DA:804,6
DA:809,6
DA:810,6
DA:813,6
BRDA:813,2,0,1
BRDA:813,2,1,5
DA:815,5
DA:819,5
DA:829,5
FN:848,EigenlayerMsgDecoders._decodeProcessClaimMsg_Part3
FNDA:5,EigenlayerMsgDecoders._decodeProcessClaimMsg_Part3
DA:855,5
DA:856,5
DA:860,5
DA:862,5
DA:865,5
FN:883,CompleteWithdrawalsArrayDecoder.decodeCompleteWithdrawalsMsg
FNDA:1,CompleteWithdrawalsArrayDecoder.decodeCompleteWithdrawalsMsg
DA:966,1
DA:968,1
DA:971,1
DA:973,1
DA:975,2
DA:976,2
DA:978,2
DA:980,2
DA:981,2
DA:987,1
DA:988,1
DA:990,1
DA:991,1
DA:993,1
DA:998,1
DA:1000,1
DA:1002,1
DA:1006,1
DA:1007,1
DA:1010,1
DA:1011,1
DA:1013,1
DA:1016,1
DA:1018,1
FN:1025,CompleteWithdrawalsArrayDecoder._decodeCompleteWithdrawalsMsg_A
FNDA:2,CompleteWithdrawalsArrayDecoder._decodeCompleteWithdrawalsMsg_A
DA:1031,2
DA:1032,2
DA:1033,2
DA:1034,2
DA:1035,2
DA:1037,2
DA:1038,2
DA:1039,2
DA:1040,2
DA:1041,2
DA:1043,2
DA:1044,2
DA:1045,2
DA:1046,2
DA:1047,2
DA:1051,2
DA:1052,2
DA:1053,2
DA:1054,2
DA:1057,2
DA:1058,2
DA:1059,2
DA:1060,2
DA:1063,2
DA:1064,2
DA:1066,2
DA:1067,2
DA:1069,2
DA:1071,2
DA:1074,2
DA:1075,2
DA:1077,2
DA:1079,2
DA:1082,2
DA:1083,2
FN:1087,CompleteWithdrawalsArrayDecoder._decodeCompleteWithdrawalsMsg_B
FNDA:1,CompleteWithdrawalsArrayDecoder._decodeCompleteWithdrawalsMsg_B
DA:1092,1
DA:1094,1
DA:1096,2
DA:1097,2
DA:1098,2
DA:1101,2
DA:1102,2
DA:1105,2
DA:1107,2
DA:1108,5
DA:1109,5
DA:1111,5
DA:1115,5
DA:1118,2
FN:1122,CompleteWithdrawalsArrayDecoder._decodeCompleteWithdrawalsMsg_C
FNDA:1,CompleteWithdrawalsArrayDecoder._decodeCompleteWithdrawalsMsg_C
DA:1127,1
DA:1129,1
DA:1131,1
DA:1133,1
DA:1134,2
DA:1136,2
DA:1138,2
FN:1142,CompleteWithdrawalsArrayDecoder._decodeCompleteWithdrawalsMsg_D
FNDA:1,CompleteWithdrawalsArrayDecoder._decodeCompleteWithdrawalsMsg_D
DA:1147,1
DA:1149,1
DA:1151,1
DA:1153,1
DA:1154,2
DA:1156,2
DA:1158,2
FN:1180,DelegationDecoders.decodeDelegateToMsg
FNDA:6,DelegationDecoders.decodeDelegateToMsg
DA:1217,6
DA:1219,6
DA:1220,6
DA:1221,6
DA:1224,6
DA:1225,6
DA:1227,6
DA:1228,6
DA:1229,6
DA:1230,6
DA:1233,6
DA:1235,6
DA:1240,6
DA:1246,6
FN:1265,DelegationDecoders.decodeUndelegateMsg
FNDA:3,DelegationDecoders.decodeUndelegateMsg
DA:1286,3
DA:1289,3
DA:1290,3
DA:1293,3
DA:1299,3
FNF:21
FNH:21
LF:283
LH:283
BRF:6
BRH:6
end_of_record
TN:
SF:src/utils/EigenlayerMsgEncoders.sol
FN:22,EigenlayerMsgEncoders.encodeDepositIntoStrategyMsg
FNDA:18,EigenlayerMsgEncoders.encodeDepositIntoStrategyMsg
DA:27,18
FN:38,EigenlayerMsgEncoders.encodeQueueWithdrawalsMsg
FNDA:5,EigenlayerMsgEncoders.encodeQueueWithdrawalsMsg
DA:41,5
FN:55,EigenlayerMsgEncoders.encodeCompleteWithdrawalMsg
FNDA:5,EigenlayerMsgEncoders.encodeCompleteWithdrawalMsg
DA:80,5
FN:91,EigenlayerMsgEncoders.encodeCompleteWithdrawalsMsg
FNDA:1,EigenlayerMsgEncoders.encodeCompleteWithdrawalsMsg
DA:116,1
FN:132,EigenlayerMsgEncoders.encodeDelegateTo
FNDA:6,EigenlayerMsgEncoders.encodeDelegateTo
DA:150,6
FN:161,EigenlayerMsgEncoders.encodeUndelegateMsg
FNDA:3,EigenlayerMsgEncoders.encodeUndelegateMsg
DA:162,3
DA:167,3
FN:172,EigenlayerMsgEncoders.encodeMintEigenAgentMsg
FNDA:2,EigenlayerMsgEncoders.encodeMintEigenAgentMsg
DA:173,2
FN:195,EigenlayerMsgEncoders.calculateWithdrawalTransferRoot
FNDA:6,EigenlayerMsgEncoders.calculateWithdrawalTransferRoot
DA:201,6
FN:208,EigenlayerMsgEncoders.calculateRewardsRoot
FNDA:1,EigenlayerMsgEncoders.calculateRewardsRoot
DA:213,1
FN:223,EigenlayerMsgEncoders.calculateRewardsTransferRoot
FNDA:5,EigenlayerMsgEncoders.calculateRewardsTransferRoot
DA:229,5
FN:238,EigenlayerMsgEncoders.encodeTransferToAgentOwnerMsg
FNDA:7,EigenlayerMsgEncoders.encodeTransferToAgentOwnerMsg
DA:241,7
FN:267,EigenlayerMsgEncoders.encodeProcessClaimMsg
FNDA:1,EigenlayerMsgEncoders.encodeProcessClaimMsg
DA:290,1
FNF:12
FNH:12
LF:13
LH:13
BRF:0
BRH:0
end_of_record
TN:
SF:src/utils/FunctionSelectorDecoder.sol
FN:11,FunctionSelectorDecoder.decodeFunctionSelector
FNDA:74,FunctionSelectorDecoder.decodeFunctionSelector
DA:20,74
FN:25,FunctionSelectorDecoder.decodeErrorSelector
FNDA:8,FunctionSelectorDecoder.decodeErrorSelector
DA:34,8
FN:44,FunctionSelectorDecoder.decodeEigenAgentExecutionError
FNDA:6,FunctionSelectorDecoder.decodeEigenAgentExecutionError
DA:76,6
DA:77,6
DA:80,6
BRDA:80,0,0,6
DA:82,6
DA:84,6
DA:90,6
DA:91,2
DA:92,2
DA:93,6
BRDA:93,1,0,6
DA:94,6
DA:95,6
DA:98,6
DA:102,6
BRDA:102,2,0,-
BRDA:102,2,1,6
DA:103,6
FN:110,FunctionSelectorDecoder._decodeInnerError
FNDA:6,FunctionSelectorDecoder._decodeInnerError
DA:116,6
DA:118,6
DA:122,6
DA:126,6
DA:133,6
FNF:4
FNH:4
LF:21
LH:21
BRF:4
BRH:3
end_of_record
TN:
SF:test/BaseTestEnvironment.t.sol
FN:72,BaseTestEnvironment.setUpForkedEnvironment
FNDA:28,BaseTestEnvironment.setUpForkedEnvironment
DA:74,28
DA:75,28
DA:76,28
DA:78,28
DA:79,28
DA:80,28
DA:82,28
DA:83,28
DA:84,28
DA:86,28
DA:87,28
DA:88,28
DA:90,28
DA:91,28
DA:92,28
DA:94,28
DA:95,28
DA:98,28
DA:101,28
DA:104,28
FN:107,BaseTestEnvironment._setupL1ForkedEnvironment
FNDA:28,BaseTestEnvironment._setupL1ForkedEnvironment
DA:111,28
DA:113,28
DA:114,28
DA:116,28
DA:127,28
DA:133,28
DA:136,28
DA:137,28
DA:139,28
FN:142,BaseTestEnvironment._setupL2ForkedEnvironment
FNDA:28,BaseTestEnvironment._setupL2ForkedEnvironment
DA:146,28
DA:148,28
DA:150,28
DA:155,28
DA:157,28
DA:159,28
DA:160,28
FN:163,BaseTestEnvironment._whitelistContracts
FNDA:28,BaseTestEnvironment._whitelistContracts
DA:168,28
DA:169,28
DA:172,28
DA:173,28
DA:175,28
DA:176,28
DA:178,28
DA:180,28
DA:181,28
DA:183,28
DA:188,28
DA:189,28
DA:192,28
DA:193,28
DA:195,28
DA:196,28
DA:198,28
DA:199,28
DA:201,28
FN:204,BaseTestEnvironment.setUpLocalEnvironment
FNDA:83,BaseTestEnvironment.setUpLocalEnvironment
DA:206,83
DA:207,83
DA:208,83
DA:210,83
DA:211,83
DA:212,83
DA:214,83
DA:215,83
DA:216,83
DA:218,83
DA:219,83
DA:220,83
DA:227,83
DA:238,83
DA:244,83
DA:246,83
DA:248,83
DA:251,83
DA:252,83
DA:254,83
DA:255,83
DA:257,83
DA:259,83
DA:260,83
DA:263,83
DA:265,83
DA:270,83
DA:275,83
DA:277,83
DA:280,83
DA:281,83
DA:283,83
DA:284,83
DA:287,83
DA:289,83
FNF:5
FNH:5
LF:90
LH:90
BRF:0
BRH:0
end_of_record
TN:
SF:test/mocks/AdminableMock.sol
FN:8,AdminableMock.
FNDA:7,AdminableMock.
DA:9,7
FN:12,AdminableMock.mockIsOwner
FNDA:1,AdminableMock.mockIsOwner
DA:13,1
FN:16,AdminableMock.mockOnlyAdmin
FNDA:2,AdminableMock.mockOnlyAdmin
DA:17,1
FN:20,AdminableMock.mockOnlyAdminOrOwner
FNDA:2,AdminableMock.mockOnlyAdminOrOwner
DA:21,1
FNF:4
FNH:4
LF:4
LH:4
BRF:0
BRH:0
end_of_record
TN:
SF:test/mocks/ERC20Minter.sol
FN:11,ERC20Minter.initialize
FNDA:93,ERC20Minter.initialize
DA:15,93
DA:16,93
FN:19,ERC20Minter.mint
FNDA:171,ERC20Minter.mint
DA:20,170
FN:23,ERC20Minter.burn
FNDA:2,ERC20Minter.burn
DA:24,1
FNF:3
FNH:3
LF:4
LH:4
BRF:0
BRH:0
end_of_record
TN:
SF:test/mocks/MockMultisigSigner.sol
FN:20,MockMultisigSigner.
FNDA:2,MockMultisigSigner.
DA:21,2
FN:24,MockMultisigSigner.signHash
FNDA:3,MockMultisigSigner.signHash
DA:29,3
DA:31,3
BRDA:31,0,0,3
DA:33,3
DA:34,3
DA:36,3
DA:37,2
BRDA:37,1,0,1
DA:38,1
DA:42,2
DA:44,2
FN:48,MockMultisigSigner.isValidSignature
FNDA:4,MockMultisigSigner.isValidSignature
DA:53,4
DA:55,4
BRDA:55,2,0,2
DA:56,2
DA:58,2
FN:61,MockMultisigSigner.onERC721Received
FNDA:2,MockMultisigSigner.onERC721Received
DA:67,2
FNF:4
FNH:4
LF:15
LH:15
BRF:3
BRH:3
end_of_record
TN:
SF:test/mocks/ReceiverCCIPMock.sol
FN:20,ReceiverCCIPMock.
FNDA:113,ReceiverCCIPMock.
FN:26,ReceiverCCIPMock.mockCCIPReceive
FNDA:40,ReceiverCCIPMock.mockCCIPReceive
DA:27,40
FNF:2
FNH:2
LF:1
LH:1
BRF:0
BRH:0
end_of_record
TN:
SF:test/mocks/SenderCCIPMock.sol
FN:15,SenderCCIPMock.
FNDA:113,SenderCCIPMock.
FN:21,SenderCCIPMock.mockCCIPReceive
FNDA:12,SenderCCIPMock.mockCCIPReceive
DA:22,12
FNF:2
FNH:2
LF:1
LH:1
BRF:0
BRH:0
end_of_record
