TN:
SF:script/1_deployMockEigenlayerContracts.s.sol
FN:65,DeployMockEigenlayerContractsScript.run
FNDA:1,DeployMockEigenlayerContractsScript.run
DA:74,1
DA:75,1
FN:78,DeployMockEigenlayerContractsScript.deployEigenlayerContracts
FNDA:69,DeployMockEigenlayerContractsScript.deployEigenlayerContracts
DA:87,70
DA:88,0
BRDA:88,0,0,-
DA:90,70
DA:91,70
DA:92,70
DA:93,70
DA:94,70
DA:95,70
DA:97,70
DA:104,70
BRDA:104,1,0,33
BRDA:104,1,1,37
DA:106,33
DA:109,37
DA:112,70
DA:119,70
DA:120,70
DA:123,70
DA:124,70
DA:126,70
DA:127,70
DA:129,70
DA:131,70
DA:133,1
BRDA:133,2,0,1
DA:135,1
DA:148,70
FN:159,DeployMockEigenlayerContractsScript._deployEigenlayerCoreContracts
FNDA:70,DeployMockEigenlayerContractsScript._deployEigenlayerCoreContracts
DA:166,70
DA:168,70
DA:169,70
DA:170,70
DA:173,70
DA:176,70
DA:178,70
DA:188,70
DA:189,70
DA:194,70
DA:205,70
DA:207,70
DA:213,70
FN:221,DeployMockEigenlayerContractsScript.deployProxyAdmin
FNDA:0,DeployMockEigenlayerContractsScript.deployProxyAdmin
DA:222,70
DA:223,70
DA:224,70
DA:225,70
FN:228,DeployMockEigenlayerContractsScript._deployRewardsCoordinator
FNDA:70,DeployMockEigenlayerContractsScript._deployRewardsCoordinator
DA:233,70
DA:235,70
DA:245,70
DA:263,70
DA:264,70
FN:267,DeployMockEigenlayerContractsScript._deployDelegationManager
FNDA:70,DeployMockEigenlayerContractsScript._deployDelegationManager
DA:274,70
DA:277,70
DA:281,70
DA:290,70
DA:296,70
DA:310,70
DA:311,70
FN:314,DeployMockEigenlayerContractsScript._deployStrategyFactory
FNDA:70,DeployMockEigenlayerContractsScript._deployStrategyFactory
DA:320,70
DA:323,70
DA:326,70
DA:328,70
DA:332,70
DA:335,70
DA:347,70
DA:349,70
DA:351,70
FN:354,DeployMockEigenlayerContractsScript.deployERC20Minter
FNDA:0,DeployMockEigenlayerContractsScript.deployERC20Minter
DA:359,33
DA:361,33
DA:375,33
DA:376,33
FN:379,DeployMockEigenlayerContractsScript.deployStrategyTVLLimits
FNDA:0,DeployMockEigenlayerContractsScript.deployStrategyTVLLimits
DA:385,0
DA:387,0
BRDA:387,3,0,-
BRDA:387,3,1,-
DA:388,0
BRDA:388,4,0,-
BRDA:388,4,1,-
DA:389,0
BRDA:389,5,0,-
BRDA:389,5,1,-
DA:391,0
DA:393,0
DA:409,0
DA:410,0
FN:413,DeployMockEigenlayerContractsScript.whitelistStrategy
FNDA:0,DeployMockEigenlayerContractsScript.whitelistStrategy
DA:417,0
DA:418,0
DA:420,0
DA:421,0
DA:424,0
DA:425,0
DA:426,0
FN:429,DeployMockEigenlayerContractsScript.readSavedEigenlayerAddresses
FNDA:80,DeployMockEigenlayerContractsScript.readSavedEigenlayerAddresses
DA:439,80
DA:440,80
DA:441,80
DA:442,80
DA:445,80
DA:453,80
DA:454,80
DA:455,80
DA:456,80
DA:457,80
DA:458,80
DA:459,80
DA:461,80
BRDA:461,6,0,-
BRDA:461,6,1,80
DA:462,80
BRDA:462,7,0,-
BRDA:462,7,1,80
DA:463,80
BRDA:463,8,0,-
BRDA:463,8,1,80
DA:464,80
BRDA:464,9,0,-
BRDA:464,9,1,80
DA:465,80
BRDA:465,10,0,-
BRDA:465,10,1,80
DA:466,80
BRDA:466,11,0,-
BRDA:466,11,1,80
DA:467,80
BRDA:467,12,0,-
BRDA:467,12,1,80
DA:469,80
FN:480,DeployMockEigenlayerContractsScript.writeContractAddresses
FNDA:0,DeployMockEigenlayerContractsScript.writeContractAddresses
DA:495,1
DA:496,1
DA:497,1
DA:498,1
DA:499,1
DA:500,1
DA:501,1
DA:502,1
DA:503,1
DA:508,1
DA:509,1
DA:514,1
DA:523,1
DA:524,1
DA:529,1
DA:530,1
DA:531,1
DA:536,1
DA:537,1
DA:538,1
DA:539,1
DA:541,1
DA:542,1
DA:543,1
DA:544,1
DA:546,1
DA:551,1
FNF:12
FNH:7
LF:130
LH:114
BRF:24
BRH:10
end_of_record
TN:
SF:script/2_deploySenderOnL2.s.sol
FN:23,DeploySenderOnL2Script.run
FNDA:0,DeploySenderOnL2Script.run
DA:24,0
FN:27,DeploySenderOnL2Script.mockrun
FNDA:71,DeploySenderOnL2Script.mockrun
DA:29,71
DA:32,71
DA:34,71
FN:40,DeploySenderOnL2Script._run
FNDA:71,DeploySenderOnL2Script._run
DA:42,71
DA:44,71
DA:47,71
DA:58,71
DA:59,71
BRDA:59,0,0,71
BRDA:59,0,1,-
DA:60,71
DA:62,0
DA:65,71
DA:75,71
DA:76,71
DA:77,71
DA:79,71
DA:81,71
BRDA:81,1,0,-
BRDA:81,1,1,71
DA:85,71
BRDA:85,2,0,-
BRDA:85,2,1,71
DA:89,71
BRDA:89,3,0,-
BRDA:89,3,1,71
DA:93,71
BRDA:93,4,0,-
BRDA:93,4,1,71
DA:98,71
BRDA:98,5,0,-
DA:99,0
DA:107,71
DA:109,71
FNF:3
FNH:2
LF:24
LH:21
BRF:11
BRH:5
end_of_record
TN:
SF:script/2b_upgradeSenderOnL2.s.sol
FN:23,UpgradeSenderOnL2Script.run
FNDA:0,UpgradeSenderOnL2Script.run
DA:24,0
FN:27,UpgradeSenderOnL2Script.mockrun
FNDA:1,UpgradeSenderOnL2Script.mockrun
DA:28,1
DA:29,1
FN:32,UpgradeSenderOnL2Script._run
FNDA:1,UpgradeSenderOnL2Script._run
DA:34,1
DA:36,1
DA:39,1
DA:41,1
DA:42,1
DA:47,1
DA:49,1
DA:54,1
DA:60,1
DA:61,1
DA:62,1
DA:64,1
DA:65,1
DA:67,1
BRDA:67,0,0,-
BRDA:67,0,1,1
DA:71,1
BRDA:71,1,0,-
BRDA:71,1,1,1
DA:75,1
BRDA:75,2,0,-
BRDA:75,2,1,1
DA:79,1
BRDA:79,3,0,-
BRDA:79,3,1,1
DA:83,1
BRDA:83,4,0,-
BRDA:83,4,1,1
DA:88,1
FNF:3
FNH:2
LF:22
LH:21
BRF:10
BRH:5
end_of_record
TN:
SF:script/3_deployReceiverOnL1.s.sol
FN:55,DeployReceiverOnL1Script.run
FNDA:0,DeployReceiverOnL1Script.run
DA:56,0
FN:59,DeployReceiverOnL1Script.mockrun
FNDA:71,DeployReceiverOnL1Script.mockrun
DA:61,71
DA:63,71
DA:67,71
DA:69,71
FN:76,DeployReceiverOnL1Script._run
FNDA:71,DeployReceiverOnL1Script._run
DA:78,71
DA:80,71
DA:90,71
DA:96,71
DA:98,71
DA:100,71
DA:102,71
DA:114,71
DA:129,71
DA:142,71
DA:143,71
DA:144,71
DA:145,71
DA:148,71
DA:149,71
BRDA:149,0,0,71
BRDA:149,0,1,-
DA:150,71
DA:152,0
DA:154,71
DA:169,71
DA:170,71
DA:171,71
DA:172,71
DA:174,71
DA:175,71
DA:177,71
DA:178,71
DA:179,71
DA:180,71
DA:182,71
DA:185,71
BRDA:185,1,0,71
DA:186,71
DA:187,71
BRDA:187,2,0,-
BRDA:187,2,1,71
DA:190,71
BRDA:190,3,0,-
BRDA:190,3,1,71
DA:194,71
BRDA:194,4,0,-
BRDA:194,4,1,71
DA:198,71
BRDA:198,5,0,-
BRDA:198,5,1,71
DA:202,71
BRDA:202,6,0,-
BRDA:202,6,1,71
DA:206,71
BRDA:206,7,0,-
BRDA:206,7,1,71
DA:210,71
BRDA:210,8,0,-
BRDA:210,8,1,71
DA:214,71
BRDA:214,9,0,-
BRDA:214,9,1,71
DA:219,71
DA:221,71
BRDA:221,10,0,-
DA:222,0
DA:233,71
FNF:3
FNH:2
LF:48
LH:45
BRF:20
BRH:10
end_of_record
TN:
SF:script/3b_upgradeReceiverOnL1.s.sol
FN:54,UpgradeReceiverOnL1Script.run
FNDA:0,UpgradeReceiverOnL1Script.run
DA:55,0
FN:58,UpgradeReceiverOnL1Script.mockrun
FNDA:1,UpgradeReceiverOnL1Script.mockrun
DA:59,1
DA:60,1
FN:63,UpgradeReceiverOnL1Script._run
FNDA:1,UpgradeReceiverOnL1Script._run
DA:65,1
DA:67,1
DA:77,1
DA:80,1
DA:83,1
DA:87,1
DA:88,1
DA:89,1
DA:94,1
DA:98,1
DA:102,1
DA:105,1
DA:115,1
DA:119,1
DA:121,1
DA:123,1
DA:128,1
DA:129,1
DA:131,1
DA:133,1
DA:134,1
DA:136,1
BRDA:136,0,0,-
BRDA:136,0,1,1
DA:140,1
BRDA:140,1,0,-
BRDA:140,1,1,1
DA:144,1
BRDA:144,2,0,-
BRDA:144,2,1,1
DA:148,1
BRDA:148,3,0,-
BRDA:148,3,1,1
DA:152,1
BRDA:152,4,0,-
BRDA:152,4,1,1
DA:158,1
BRDA:158,5,0,-
DA:159,0
DA:170,1
FNF:3
FNH:2
LF:32
LH:30
BRF:11
BRH:5
end_of_record
TN:
SF:script/4_whitelistCCIPContracts.s.sol
FN:30,WhitelistCCIPContractsScript.run
FNDA:1,WhitelistCCIPContractsScript.run
DA:32,1
DA:33,1
DA:35,1
DA:40,1
DA:42,1
DA:45,1
DA:47,1
BRDA:47,0,0,-
BRDA:47,0,1,1
DA:48,1
BRDA:48,1,0,-
BRDA:48,1,1,1
DA:49,1
BRDA:49,2,0,-
BRDA:49,2,1,1
DA:50,1
BRDA:50,3,0,-
BRDA:50,3,1,1
DA:51,1
BRDA:51,4,0,-
BRDA:51,4,1,1
DA:53,1
DA:55,1
DA:56,1
DA:61,1
DA:62,1
DA:65,1
DA:66,1
DA:67,1
DA:70,1
DA:71,1
DA:73,1
DA:74,1
DA:75,1
DA:76,1
DA:77,1
DA:79,1
DA:80,1
DA:82,1
DA:84,1
DA:86,1
DA:88,1
DA:90,1
DA:93,1
DA:98,1
DA:100,1
DA:102,1
BRDA:102,5,0,-
BRDA:102,5,1,1
DA:106,1
BRDA:106,6,0,-
BRDA:106,6,1,1
DA:110,1
BRDA:110,7,0,-
BRDA:110,7,1,1
DA:114,1
BRDA:114,8,0,-
BRDA:114,8,1,1
DA:119,1
DA:124,1
DA:125,1
DA:127,1
DA:128,1
DA:129,1
DA:130,1
DA:133,1
DA:134,1
DA:136,1
DA:137,1
DA:140,1
DA:145,1
BRDA:145,9,0,-
BRDA:145,9,1,1
DA:149,1
BRDA:149,10,0,-
BRDA:149,10,1,1
DA:153,1
BRDA:153,11,0,-
BRDA:153,11,1,1
DA:157,1
BRDA:157,12,0,-
BRDA:157,12,1,1
DA:161,1
BRDA:161,13,0,-
BRDA:161,13,1,1
DA:165,1
BRDA:165,14,0,-
BRDA:165,14,1,1
DA:169,1
BRDA:169,15,0,-
BRDA:169,15,1,1
DA:174,1
FNF:1
FNH:1
LF:60
LH:60
BRF:32
BRH:16
end_of_record
TN:
SF:script/5_depositAndMintEigenAgent.s.sol
FN:55,DepositAndMintEigenAgentScript.run
FNDA:0,DepositAndMintEigenAgentScript.run
DA:56,0
DA:57,0
DA:58,0
FN:61,DepositAndMintEigenAgentScript.mockrun
FNDA:1,DepositAndMintEigenAgentScript.mockrun
DA:62,1
DA:63,1
DA:64,1
DA:65,1
FN:68,DepositAndMintEigenAgentScript._run
FNDA:1,DepositAndMintEigenAgentScript._run
DA:70,1
DA:71,1
DA:73,1
DA:75,1
DA:85,1
DA:87,1
DA:91,1
DA:93,1
DA:94,1
DA:96,1
DA:103,1
DA:104,1
DA:106,1
DA:107,1
BRDA:107,0,0,-
BRDA:107,0,1,1
DA:115,1
DA:116,1
DA:122,1
DA:123,1
DA:125,1
DA:126,1
DA:127,1
DA:128,1
DA:131,1
DA:138,1
DA:149,1
BRDA:149,1,0,1
DA:150,1
DA:151,1
DA:154,1
DA:156,1
DA:165,1
FNF:3
FNH:2
LF:37
LH:34
BRF:3
BRH:2
end_of_record
TN:
SF:script/5b_depositIntoStrategy.s.sol
FN:58,DepositIntoStrategyScript.run
FNDA:1,DepositIntoStrategyScript.run
DA:59,1
FN:62,DepositIntoStrategyScript.mockrun
FNDA:0,DepositIntoStrategyScript.mockrun
DA:63,0
FN:66,DepositIntoStrategyScript._run
FNDA:1,DepositIntoStrategyScript._run
DA:68,1
DA:69,1
DA:71,1
DA:73,1
DA:83,1
DA:85,1
DA:90,1
DA:92,1
DA:93,1
DA:95,1
DA:101,1
DA:102,1
DA:104,0
BRDA:104,0,0,-
DA:105,0
DA:106,0
DA:109,1
DA:112,1
DA:113,1
BRDA:113,1,0,-
BRDA:113,1,1,1
DA:115,1
DA:116,1
DA:122,1
DA:124,1
DA:126,1
DA:127,1
DA:128,1
DA:129,1
DA:132,1
DA:139,1
DA:150,1
BRDA:150,2,0,-
DA:151,0
DA:154,1
DA:156,1
DA:165,1
FNF:3
FNH:2
LF:35
LH:30
BRF:4
BRH:1
end_of_record
TN:
SF:script/5c_mintEigenAgent.s.sol
FN:22,MintEigenAgentScript.run
FNDA:0,MintEigenAgentScript.run
DA:23,0
DA:24,0
DA:26,0
DA:27,0
DA:28,0
FN:31,MintEigenAgentScript.mockrun
FNDA:1,MintEigenAgentScript.mockrun
DA:32,1
DA:33,1
DA:35,1
DA:36,1
DA:37,1
FN:40,MintEigenAgentScript._run
FNDA:0,MintEigenAgentScript._run
DA:42,1
DA:44,1
DA:45,1
DA:47,1
DA:48,1
BRDA:48,0,0,1
DA:49,1
DA:51,1
DA:53,1
FNF:3
FNH:1
LF:18
LH:13
BRF:1
BRH:1
end_of_record
TN:
SF:script/5d_checkMintEigenAgentGasCosts.s.sol
FN:16,CheckMintEigenAgentGasCostsScript.run
FNDA:1,CheckMintEigenAgentGasCostsScript.run
DA:18,1
DA:19,1
DA:21,1
DA:26,1
DA:27,1
DA:29,1
DA:30,1
DA:31,1
DA:33,1
FNF:1
FNH:1
LF:9
LH:9
BRF:0
BRH:0
end_of_record
TN:
SF:script/6_delegateTo.s.sol
FN:52,DelegateToScript.run
FNDA:0,DelegateToScript.run
DA:53,0
FN:56,DelegateToScript.mockrun
FNDA:1,DelegateToScript.mockrun
DA:57,1
FN:60,DelegateToScript._run
FNDA:1,DelegateToScript._run
DA:62,1
DA:63,1
DA:65,1
DA:66,1
DA:68,1
DA:70,1
DA:80,1
DA:81,1
DA:82,1
DA:84,1
DA:85,1
DA:87,1
DA:93,1
DA:94,1
DA:96,1
BRDA:96,0,0,-
DA:97,0
DA:99,0
DA:101,0
DA:103,0
DA:105,0
DA:112,0
DA:113,0
DA:115,0
DA:119,1
DA:120,1
BRDA:120,1,0,-
BRDA:120,1,1,1
DA:121,1
BRDA:121,2,0,-
BRDA:121,2,1,1
DA:126,1
DA:127,1
DA:132,1
DA:134,1
DA:137,1
DA:138,1
DA:140,1
DA:142,1
DA:152,1
DA:153,1
DA:155,1
DA:162,1
DA:164,1
DA:171,1
DA:181,1
DA:183,1
DA:192,1
FNF:3
FNH:2
LF:45
LH:36
BRF:5
BRH:2
end_of_record
TN:
SF:script/6b_undelegate.s.sol
FN:62,UndelegateScript.run
FNDA:0,UndelegateScript.run
DA:64,0
DA:65,0
DA:67,0
DA:68,0
DA:78,0
FN:81,UndelegateScript.mockrun
FNDA:1,UndelegateScript.mockrun
DA:83,1
DA:84,1
DA:86,1
DA:87,1
DA:101,1
BRDA:101,0,0,-
DA:102,0
DA:103,0
DA:110,0
DA:111,0
DA:114,1
FN:117,UndelegateScript._run
FNDA:1,UndelegateScript._run
DA:119,1
DA:120,1
DA:121,1
DA:123,1
DA:124,1
DA:126,1
DA:129,1
DA:130,1
BRDA:130,1,0,-
BRDA:130,1,1,1
DA:131,1
BRDA:131,2,0,-
BRDA:131,2,1,1
DA:135,1
BRDA:135,3,0,-
BRDA:135,3,1,1
DA:136,1
BRDA:136,4,0,1
BRDA:136,4,1,-
DA:150,0
DA:151,0
DA:152,0
DA:153,0
DA:155,0
DA:156,0
DA:157,0
DA:158,0
DA:163,0
DA:164,0
DA:167,0
DA:169,0
DA:174,0
DA:184,0
DA:186,0
DA:195,0
DA:200,0
DA:202,0
DA:203,0
BRDA:203,5,0,-
DA:204,0
DA:209,0
FNF:3
FNH:2
LF:47
LH:17
BRF:10
BRH:4
end_of_record
TN:
SF:script/6c_redeposit.s.sol
FN:60,RedepositScript.run
FNDA:0,RedepositScript.run
DA:61,0
FN:64,RedepositScript.mockrun
FNDA:1,RedepositScript.mockrun
DA:65,1
FN:68,RedepositScript._run
FNDA:1,RedepositScript._run
DA:70,1
DA:71,1
DA:73,1
DA:74,1
DA:76,1
DA:78,1
DA:88,1
DA:90,1
DA:91,1
DA:93,1
DA:94,1
DA:99,1
DA:102,1
DA:103,1
BRDA:103,0,0,1
DA:105,1
DA:107,1
BRDA:107,1,0,-
BRDA:107,1,1,1
DA:109,1
DA:110,1
DA:111,1
DA:112,1
DA:114,1
BRDA:114,2,0,-
BRDA:114,2,1,1
DA:115,1
BRDA:115,3,0,-
BRDA:115,3,1,1
DA:117,1
DA:123,1
DA:128,1
DA:130,1
DA:131,1
DA:137,1
DA:139,1
DA:141,1
BRDA:141,4,0,-
BRDA:141,4,1,1
DA:146,1
DA:147,1
DA:151,1
BRDA:151,5,0,-
BRDA:151,5,1,1
DA:156,1
DA:157,1
DA:159,1
DA:167,1
DA:177,1
DA:179,1
DA:188,1
DA:191,1
DA:192,1
DA:193,1
BRDA:193,6,0,1
DA:194,1
DA:197,1
FNF:3
FNH:2
LF:47
LH:46
BRF:12
BRH:7
end_of_record
TN:
SF:script/7_queueWithdrawal.s.sol
FN:63,QueueWithdrawalScript.run
FNDA:0,QueueWithdrawalScript.run
DA:64,0
FN:67,QueueWithdrawalScript.mockrun
FNDA:1,QueueWithdrawalScript.mockrun
DA:68,1
FN:71,QueueWithdrawalScript._run
FNDA:1,QueueWithdrawalScript._run
DA:73,1
DA:74,1
DA:76,1
DA:77,1
DA:78,1
DA:80,1
DA:90,1
BRDA:90,0,0,1
BRDA:90,0,1,1
DA:93,1
DA:94,1
DA:100,1
DA:102,1
DA:103,1
DA:106,1
DA:110,0
DA:111,0
DA:116,0
DA:119,1
DA:120,1
BRDA:120,1,0,1
BRDA:120,1,1,1
DA:122,1
DA:123,1
DA:124,1
DA:126,0
DA:133,1
DA:134,1
DA:137,1
DA:138,1
DA:139,1
DA:140,1
DA:142,1
BRDA:142,2,0,-
BRDA:142,2,1,1
DA:143,1
BRDA:143,3,0,-
BRDA:143,3,1,1
DA:145,1
DA:146,1
DA:148,1
DA:149,1
DA:151,1
DA:152,1
DA:154,1
DA:155,1
DA:156,1
DA:162,1
DA:164,1
DA:166,1
DA:167,1
DA:169,1
DA:170,1
DA:175,1
DA:176,1
DA:177,1
DA:180,1
DA:183,1
DA:196,1
DA:198,1
DA:207,1
DA:209,1
DA:211,1
DA:212,1
BRDA:212,4,0,1
DA:213,1
DA:218,1
FNF:3
FNH:2
LF:60
LH:55
BRF:9
BRH:7
end_of_record
TN:
SF:script/8_completeWithdrawal.s.sol
FN:60,CompleteWithdrawalScript.run
FNDA:0,CompleteWithdrawalScript.run
DA:61,0
FN:64,CompleteWithdrawalScript.mockrun
FNDA:1,CompleteWithdrawalScript.mockrun
DA:65,1
FN:68,CompleteWithdrawalScript._run
FNDA:1,CompleteWithdrawalScript._run
DA:70,1
DA:71,1
DA:73,1
DA:74,1
DA:76,1
DA:78,1
DA:88,1
DA:89,1
DA:91,1
DA:92,1
DA:94,1
DA:95,1
DA:100,1
DA:103,1
DA:104,1
BRDA:104,0,0,1
DA:106,1
DA:108,1
BRDA:108,1,0,-
BRDA:108,1,1,1
DA:110,1
DA:111,1
DA:112,1
DA:114,1
BRDA:114,2,0,-
BRDA:114,2,1,1
DA:115,1
BRDA:115,3,0,-
BRDA:115,3,1,1
DA:117,1
DA:122,1
BRDA:122,4,0,1
DA:124,1
DA:125,1
DA:133,1
DA:138,1
DA:142,1
DA:148,1
DA:149,1
DA:155,1
DA:157,1
DA:159,1
BRDA:159,5,0,-
BRDA:159,5,1,1
DA:164,1
DA:165,1
DA:167,1
DA:168,1
DA:170,1
DA:178,1
DA:188,1
DA:190,1
DA:199,1
DA:202,1
DA:203,1
DA:204,1
BRDA:204,6,0,1
DA:205,1
DA:208,1
FNF:3
FNH:2
LF:50
LH:49
BRF:11
BRH:7
end_of_record
TN:
SF:script/ClientEncoders.sol
FN:16,ClientEncoders.encodeDepositIntoStrategyMsg
FNDA:1,ClientEncoders.encodeDepositIntoStrategyMsg
DA:22,12
DA:29,12
FN:32,ClientEncoders.encodeQueueWithdrawalsMsg
FNDA:1,ClientEncoders.encodeQueueWithdrawalsMsg
DA:36,6
DA:42,6
FN:52,ClientEncoders.encodeCompleteWithdrawalMsg
FNDA:1,ClientEncoders.encodeCompleteWithdrawalMsg
DA:77,266
DA:86,266
FN:89,ClientEncoders.calculateWithdrawalRoot
FNDA:2,ClientEncoders.calculateWithdrawalRoot
DA:93,3
FN:96,ClientEncoders.calculateWithdrawalTransferRoot
FNDA:2,ClientEncoders.calculateWithdrawalTransferRoot
DA:101,7
FN:104,ClientEncoders.encodeHandleTransferToAgentOwnerMsg
FNDA:1,ClientEncoders.encodeHandleTransferToAgentOwnerMsg
DA:107,5
DA:112,5
FN:115,ClientEncoders.encodeDelegateTo
FNDA:1,ClientEncoders.encodeDelegateTo
DA:142,8
DA:148,8
FN:151,ClientEncoders.encodeUndelegateMsg
FNDA:1,ClientEncoders.encodeUndelegateMsg
DA:152,4
DA:157,4
FN:160,ClientEncoders.encodeMintEigenAgent
FNDA:1,ClientEncoders.encodeMintEigenAgent
DA:162,15
DA:167,15
FNF:9
FNH:9
LF:16
LH:16
BRF:0
BRH:0
end_of_record
TN:
SF:script/ClientSigners.sol
FN:35,ClientSigners.checkSignature_EIP1271
FNDA:1,ClientSigners.checkSignature_EIP1271
DA:40,298
FN:43,ClientSigners.createEigenlayerDepositDigest
FNDA:1,ClientSigners.createEigenlayerDepositDigest
DA:54,1
DA:56,1
DA:58,1
DA:60,1
FN:63,ClientSigners.getDomainSeparator
FNDA:2,ClientSigners.getDomainSeparator
DA:68,312
DA:70,312
FN:77,ClientSigners.calculateDelegationApprovalDigestHash
FNDA:1,ClientSigners.calculateDelegationApprovalDigestHash
DA:88,9
DA:93,9
DA:97,9
DA:102,9
FN:105,ClientSigners.createEigenAgentCallDigestHash
FNDA:1,ClientSigners.createEigenAgentCallDigestHash
DA:114,299
DA:124,299
DA:130,299
FN:133,ClientSigners.signMessageForEigenAgentExecution
FNDA:1,ClientSigners.signMessageForEigenAgentExecution
DA:142,293
DA:143,293
DA:145,293
DA:154,293
DA:155,293
DA:156,293
DA:164,293
DA:171,293
DA:174,293
FNF:6
FNH:6
LF:23
LH:23
BRF:0
BRH:0
end_of_record
TN:
SF:script/FileReader.sol
FN:29,FileReader.readSenderContract
FNDA:1,FileReader.readSenderContract
DA:30,81
DA:31,81
DA:32,81
DA:33,81
FN:36,FileReader.readSenderHooks
FNDA:1,FileReader.readSenderHooks
DA:37,4
DA:38,4
DA:39,4
DA:40,4
FN:43,FileReader.readProxyAdminL2
FNDA:1,FileReader.readProxyAdminL2
DA:44,2
DA:45,2
DA:46,2
DA:47,2
FN:51,FileReader.saveSenderBridgeContracts
FNDA:1,FileReader.saveSenderBridgeContracts
DA:59,1
DA:60,1
DA:61,1
DA:66,1
DA:67,1
DA:68,1
DA:73,1
DA:74,1
DA:80,1
DA:83,1
FN:90,FileReader.readReceiverRestakingConnector
FNDA:1,FileReader.readReceiverRestakingConnector
DA:91,10
DA:92,10
DA:93,10
DA:94,10
DA:95,10
FN:101,FileReader.readAgentFactory
FNDA:1,FileReader.readAgentFactory
DA:102,11
DA:103,11
DA:104,11
DA:105,11
FN:108,FileReader.readEigenAgent721AndRegistry
FNDA:1,FileReader.readEigenAgent721AndRegistry
DA:109,3
DA:110,3
DA:111,3
DA:112,3
DA:113,3
FN:119,FileReader.readProxyAdminL1
FNDA:1,FileReader.readProxyAdminL1
DA:120,2
DA:121,2
DA:122,2
DA:123,2
FN:126,FileReader.saveReceiverBridgeContracts
FNDA:1,FileReader.saveReceiverBridgeContracts
DA:136,1
BRDA:136,0,0,-
BRDA:136,0,1,1
DA:137,1
BRDA:137,1,0,-
BRDA:137,1,1,1
DA:138,1
BRDA:138,2,0,-
BRDA:138,2,1,1
DA:139,1
BRDA:139,3,0,-
BRDA:139,3,1,1
DA:140,1
BRDA:140,4,0,-
BRDA:140,4,1,1
DA:141,1
BRDA:141,5,0,-
BRDA:141,5,1,1
DA:145,1
DA:146,1
DA:147,1
DA:148,1
DA:149,1
DA:150,1
DA:155,1
DA:156,1
DA:157,1
DA:162,1
DA:163,1
DA:169,1
DA:172,1
FN:179,FileReader.saveWithdrawalInfo
FNDA:0,FileReader.saveWithdrawalInfo
DA:192,3
BRDA:192,6,0,-
BRDA:192,6,1,3
DA:193,3
BRDA:193,7,0,-
BRDA:193,7,1,3
DA:194,3
BRDA:194,8,0,-
BRDA:194,8,1,3
DA:198,3
DA:199,3
DA:200,3
DA:201,3
DA:202,3
DA:203,3
DA:204,3
DA:209,3
DA:210,3
DA:215,3
DA:216,3
DA:217,3
DA:218,3
DA:223,3
DA:224,3
DA:225,3
DA:228,3
DA:230,3
DA:231,3
DA:232,3
DA:233,3
DA:234,3
DA:236,3
DA:243,3
DA:249,3
DA:250,3
FN:254,FileReader.readWithdrawalInfo
FNDA:1,FileReader.readWithdrawalInfo
DA:259,3
DA:266,3
DA:267,3
DA:268,3
DA:269,3
DA:270,3
DA:271,3
DA:274,3
DA:278,3
DA:279,3
DA:281,3
DA:282,3
DA:284,3
FNF:11
FNH:10
LF:101
LH:101
BRF:18
BRH:9
end_of_record
TN:
SF:script/ScriptUtils.sol
FN:8,ScriptUtils.topupSenderEthBalance
FNDA:2,ScriptUtils.topupSenderEthBalance
DA:9,7
BRDA:9,0,0,7
BRDA:9,0,1,-
DA:10,7
DA:11,7
BRDA:11,1,0,6
DA:12,6
DA:15,2
DA:16,2
BRDA:16,2,0,1
DA:17,1
DA:18,1
BRDA:18,3,0,1
BRDA:18,3,1,-
FNF:1
FNH:1
LF:8
LH:8
BRF:6
BRH:4
end_of_record
TN:
SF:script/x_deployVerify.s.sol
FN:13,DeployVerifyScript.run
FNDA:1,DeployVerifyScript.run
DA:14,1
DA:15,1
DA:16,1
DA:17,1
FNF:1
FNH:1
LF:4
LH:4
BRF:0
BRH:0
end_of_record
TN:
SF:src/6551/AgentFactory.sol
FN:39,AgentFactory.
FNDA:72,AgentFactory.
DA:40,72
FN:43,AgentFactory.initialize
FNDA:71,AgentFactory.initialize
DA:48,71
DA:49,0
BRDA:49,0,0,-
DA:51,71
DA:52,0
BRDA:52,1,0,-
DA:54,71
DA:55,71
DA:57,71
FN:60,AgentFactory.onlyRestakingConnector
FNDA:12,AgentFactory.onlyRestakingConnector
DA:61,12
BRDA:61,2,0,1
BRDA:61,2,1,11
FN:65,AgentFactory.getRestakingConnector
FNDA:143,AgentFactory.getRestakingConnector
DA:66,143
FN:69,AgentFactory.setRestakingConnector
FNDA:72,AgentFactory.setRestakingConnector
DA:70,72
DA:71,0
BRDA:71,3,0,-
DA:72,72
FN:75,AgentFactory.set6551Registry
FNDA:1,AgentFactory.set6551Registry
DA:76,1
DA:77,0
BRDA:77,4,0,-
DA:78,1
FN:81,AgentFactory.setEigenAgentOwner721
FNDA:0,AgentFactory.setEigenAgentOwner721
DA:82,0
DA:83,0
BRDA:83,5,0,-
DA:84,0
FN:88,AgentFactory.updateEigenAgentOwnerTokenId
FNDA:34,AgentFactory.updateEigenAgentOwnerTokenId
DA:93,34
BRDA:93,6,0,-
BRDA:93,6,1,34
DA:97,34
DA:98,34
DA:99,34
FN:102,AgentFactory.getEigenAgentOwnerTokenId
FNDA:1,AgentFactory.getEigenAgentOwnerTokenId
DA:103,1
FN:106,AgentFactory.getEigenAgent
FNDA:16,AgentFactory.getEigenAgent
DA:107,58
FN:110,AgentFactory.spawnEigenAgentOnlyOwner
FNDA:22,AgentFactory.spawnEigenAgentOnlyOwner
DA:114,22
FN:117,AgentFactory.tryGetEigenAgentOrSpawn
FNDA:12,AgentFactory.tryGetEigenAgentOrSpawn
DA:122,11
DA:123,11
BRDA:123,7,0,2
DA:124,2
DA:126,9
FN:130,AgentFactory._spawnEigenAgent6551
FNDA:31,AgentFactory._spawnEigenAgent6551
DA:131,31
BRDA:131,8,0,-
BRDA:131,8,1,31
DA:136,31
DA:137,31
DA:139,31
DA:149,31
DA:150,31
DA:152,31
DA:154,31
FNF:13
FNH:12
LF:38
LH:31
BRF:12
BRH:5
end_of_record
TN:
SF:src/6551/ERC6551Account.sol
FN:45,ERC6551Account.execute
FNDA:2,ERC6551Account.execute
DA:51,2
BRDA:51,0,0,1
BRDA:51,0,1,1
DA:52,1
BRDA:52,1,0,-
BRDA:52,1,1,1
DA:54,1
DA:56,1
DA:57,1
DA:59,1
BRDA:59,2,0,-
DA:61,0
FN:66,ERC6551Account.isValidSigner
FNDA:1,ERC6551Account.isValidSigner
DA:67,1
BRDA:67,3,0,1
DA:68,1
DA:71,0
FN:74,ERC6551Account.isValidSignature
FNDA:0,ERC6551Account.isValidSignature
DA:80,0
DA:82,0
BRDA:82,4,0,-
DA:83,0
DA:86,0
FN:89,ERC6551Account.supportsInterface
FNDA:2,ERC6551Account.supportsInterface
DA:94,2
DA:95,1
DA:96,0
FN:99,ERC6551Account.token
FNDA:0,ERC6551Account.token
DA:100,33
DA:103,33
DA:106,33
FN:109,ERC6551Account.owner
FNDA:0,ERC6551Account.owner
DA:110,26
DA:111,26
DA:113,26
FN:116,ERC6551Account._isValidSigner
FNDA:3,ERC6551Account._isValidSigner
DA:117,3
FNF:7
FNH:4
LF:24
LH:17
BRF:7
BRH:4
end_of_record
TN:
SF:src/6551/EigenAgent6551.sol
FN:30,EigenAgent6551.onlyWhitelistedCallers
FNDA:7,EigenAgent6551.onlyWhitelistedCallers
DA:32,7
DA:33,7
BRDA:33,0,0,-
DA:34,0
FN:39,EigenAgent6551.getAgentOwner
FNDA:0,EigenAgent6551.getAgentOwner
DA:40,0
FN:43,EigenAgent6551.isValidSignature
FNDA:1,EigenAgent6551.isValidSignature
DA:47,23
DA:48,23
BRDA:48,1,0,23
DA:49,23
DA:52,0
FN:55,EigenAgent6551.approveByWhitelistedContract
FNDA:7,EigenAgent6551.approveByWhitelistedContract
DA:60,7
FN:63,EigenAgent6551.executeWithSignature
FNDA:22,EigenAgent6551.executeWithSignature
DA:82,22
DA:91,22
DA:92,0
BRDA:92,2,0,-
DA:94,22
DA:95,22
DA:99,22
DA:102,22
BRDA:102,3,0,-
BRDA:102,3,1,22
DA:103,22
FN:106,EigenAgent6551.createEigenAgentCallDigestHash
FNDA:0,EigenAgent6551.createEigenAgentCallDigestHash
DA:115,22
DA:125,22
DA:131,22
FN:137,EigenAgent6551.getDomainSeparator
FNDA:0,EigenAgent6551.getDomainSeparator
DA:141,22
FNF:7
FNH:4
LF:21
LH:17
BRF:5
BRH:2
end_of_record
TN:
SF:src/6551/EigenAgentOwner721.sol
FN:19,EigenAgentOwner721.initialize
FNDA:71,EigenAgentOwner721.initialize
DA:24,71
DA:25,71
DA:26,71
DA:28,71
FN:31,EigenAgentOwner721.addToWhitelistedCallers
FNDA:72,EigenAgentOwner721.addToWhitelistedCallers
DA:32,72
FN:35,EigenAgentOwner721.removeFromWhitelistedCallers
FNDA:0,EigenAgentOwner721.removeFromWhitelistedCallers
DA:36,0
FN:39,EigenAgentOwner721.isWhitelistedCaller
FNDA:7,EigenAgentOwner721.isWhitelistedCaller
DA:40,7
FN:43,EigenAgentOwner721.getAgentFactory
FNDA:72,EigenAgentOwner721.getAgentFactory
DA:44,72
FN:47,EigenAgentOwner721.setAgentFactory
FNDA:72,EigenAgentOwner721.setAgentFactory
DA:48,72
BRDA:48,0,0,-
BRDA:48,0,1,72
DA:49,72
FN:52,EigenAgentOwner721.onlyAgentFactory
FNDA:31,EigenAgentOwner721.onlyAgentFactory
DA:53,31
BRDA:53,1,0,-
BRDA:53,1,1,31
FN:57,EigenAgentOwner721.mint
FNDA:31,EigenAgentOwner721.mint
DA:58,31
FN:61,EigenAgentOwner721.mintOnlyOwner
FNDA:3,EigenAgentOwner721.mintOnlyOwner
DA:62,2
FN:65,EigenAgentOwner721._mint
FNDA:33,EigenAgentOwner721._mint
DA:66,33
DA:67,33
DA:68,33
DA:69,33
DA:70,33
FN:74,EigenAgentOwner721._afterTokenTransfer
FNDA:34,EigenAgentOwner721._afterTokenTransfer
DA:79,34
FNF:11
FNH:10
LF:19
LH:18
BRF:4
BRH:2
end_of_record
TN:
SF:src/BaseMessengerCCIP.sol
FN:56,BaseMessengerCCIP.
FNDA:145,BaseMessengerCCIP.
DA:60,145
FN:63,BaseMessengerCCIP.__BaseMessengerCCIP_init
FNDA:142,BaseMessengerCCIP.__BaseMessengerCCIP_init
DA:64,142
FN:68,BaseMessengerCCIP.onlyAllowlistedDestinationChain
FNDA:14,BaseMessengerCCIP.onlyAllowlistedDestinationChain
DA:69,14
DA:70,2
BRDA:70,0,0,2
FN:75,BaseMessengerCCIP.validateReceiver
FNDA:12,BaseMessengerCCIP.validateReceiver
DA:76,12
BRDA:76,1,0,2
FN:82,BaseMessengerCCIP.onlyAllowlisted
FNDA:36,BaseMessengerCCIP.onlyAllowlisted
DA:83,36
DA:84,2
BRDA:84,2,0,2
DA:85,34
BRDA:85,3,0,4
FN:91,BaseMessengerCCIP.allowlistDestinationChain
FNDA:352,BaseMessengerCCIP.allowlistDestinationChain
DA:95,352
FN:100,BaseMessengerCCIP.allowlistSourceChain
FNDA:352,BaseMessengerCCIP.allowlistSourceChain
DA:104,352
FN:109,BaseMessengerCCIP.allowlistSender
FNDA:348,BaseMessengerCCIP.allowlistSender
DA:110,348
FN:123,BaseMessengerCCIP.sendMessagePayNative
FNDA:14,BaseMessengerCCIP.sendMessagePayNative
DA:137,10
DA:146,9
DA:148,9
DA:150,9
DA:151,1
BRDA:151,4,0,1
DA:153,8
DA:155,8
DA:160,8
DA:162,8
DA:173,8
FN:199,BaseMessengerCCIP.withdraw
FNDA:4,BaseMessengerCCIP.withdraw
DA:200,3
DA:201,3
BRDA:201,5,0,1
DA:202,2
DA:203,2
BRDA:203,6,0,-
FN:208,BaseMessengerCCIP.withdrawToken
FNDA:3,BaseMessengerCCIP.withdrawToken
DA:212,2
DA:213,2
BRDA:213,7,0,1
DA:214,1
FNF:11
FNH:11
LF:28
LH:28
BRF:8
BRH:7
end_of_record
TN:
SF:src/ERC20Minter.sol
FN:11,ERC20Minter.initialize
FNDA:37,ERC20Minter.initialize
DA:15,37
DA:16,37
FN:19,ERC20Minter.mint
FNDA:66,ERC20Minter.mint
DA:20,65
FN:23,ERC20Minter.burn
FNDA:2,ERC20Minter.burn
DA:24,1
FNF:3
FNH:3
LF:4
LH:4
BRF:0
BRH:0
end_of_record
TN:
SF:src/ReceiverCCIP.sol
FN:33,ReceiverCCIP.
FNDA:73,ReceiverCCIP.
DA:34,73
FN:39,ReceiverCCIP.initialize
FNDA:73,ReceiverCCIP.initialize
DA:44,73
DA:45,1
BRDA:45,0,0,1
DA:47,72
DA:48,1
BRDA:48,1,0,1
DA:50,71
DA:51,71
DA:53,71
FN:56,ReceiverCCIP.getSenderContractL2Addr
FNDA:2,ReceiverCCIP.getSenderContractL2Addr
DA:57,2
FN:60,ReceiverCCIP.setSenderContractL2Addr
FNDA:73,ReceiverCCIP.setSenderContractL2Addr
DA:61,72
DA:62,1
BRDA:62,2,0,1
DA:64,71
FN:67,ReceiverCCIP.getRestakingConnector
FNDA:73,ReceiverCCIP.getRestakingConnector
DA:68,73
FN:71,ReceiverCCIP.setRestakingConnector
FNDA:3,ReceiverCCIP.setRestakingConnector
DA:72,2
DA:73,1
BRDA:73,3,0,1
DA:75,1
FN:78,ReceiverCCIP._ccipReceive
FNDA:26,ReceiverCCIP._ccipReceive
DA:86,23
DA:87,23
DA:88,23
BRDA:88,4,0,6
BRDA:88,4,1,6
DA:89,6
DA:90,6
DA:92,17
DA:93,17
DA:96,23
DA:97,23
DA:99,23
DA:100,23
DA:102,23
DA:106,23
BRDA:106,5,0,6
DA:109,6
DA:111,6
DA:113,6
DA:119,23
BRDA:119,6,0,5
DA:121,5
DA:122,5
DA:128,23
BRDA:128,7,0,2
DA:130,2
DA:132,2
DA:138,23
BRDA:138,8,0,3
DA:141,3
DA:147,3
DA:149,1
BRDA:149,9,0,1
BRDA:149,9,1,1
DA:155,1
DA:164,1
DA:170,1
DA:181,23
BRDA:181,10,0,5
DA:183,5
DA:185,5
DA:191,23
BRDA:191,11,0,2
DA:193,2
DA:195,2
DA:198,23
FN:215,ReceiverCCIP._buildCCIPMessage
FNDA:4,ReceiverCCIP._buildCCIPMessage
DA:224,4
DA:225,4
BRDA:225,12,0,1
BRDA:225,12,1,3
DA:228,1
DA:230,3
DA:231,3
DA:237,4
DA:239,4
DA:241,4
DA:242,4
BRDA:242,13,0,3
DA:243,3
DA:246,4
FNF:8
FNH:8
LF:63
LH:63
BRF:17
BRH:17
end_of_record
TN:
SF:src/RestakingConnector.sol
FN:52,RestakingConnector.
FNDA:74,RestakingConnector.
DA:53,74
FN:56,RestakingConnector.initialize
FNDA:72,RestakingConnector.initialize
DA:58,72
DA:59,1
BRDA:59,0,0,1
DA:61,71
DA:65,71
DA:67,71
FN:70,RestakingConnector.onlyReceiverCCIP
FNDA:3,RestakingConnector.onlyReceiverCCIP
DA:71,3
BRDA:71,1,0,1
BRDA:71,1,1,5
FN:75,RestakingConnector.getReceiverCCIP
FNDA:72,RestakingConnector.getReceiverCCIP
DA:76,72
FN:79,RestakingConnector.setReceiverCCIP
FNDA:72,RestakingConnector.setReceiverCCIP
DA:80,72
FN:83,RestakingConnector.getAgentFactory
FNDA:73,RestakingConnector.getAgentFactory
DA:84,73
FN:87,RestakingConnector.setAgentFactory
FNDA:4,RestakingConnector.setAgentFactory
DA:88,3
DA:89,1
BRDA:89,2,0,1
DA:91,2
FN:104,RestakingConnector.depositWithEigenAgent
FNDA:7,RestakingConnector.depositWithEigenAgent
DA:106,6
DA:115,6
DA:118,6
DA:120,6
DA:128,6
DA:135,6
DA:141,6
FN:150,RestakingConnector.mintEigenAgent
FNDA:6,RestakingConnector.mintEigenAgent
DA:152,5
DA:153,5
FN:156,RestakingConnector.queueWithdrawalsWithEigenAgent
FNDA:3,RestakingConnector.queueWithdrawalsWithEigenAgent
DA:158,2
DA:165,2
DA:167,2
DA:169,2
DA:171,2
DA:173,2
DA:175,2
FN:184,RestakingConnector.completeWithdrawalWithEigenAgent
FNDA:4,RestakingConnector.completeWithdrawalWithEigenAgent
DA:196,3
DA:206,3
DA:209,3
DA:213,3
DA:227,3
DA:228,3
DA:229,3
DA:230,3
DA:236,3
DA:240,1
BRDA:240,3,0,1
DA:242,1
DA:248,1
FN:265,RestakingConnector.delegateToWithEigenAgent
FNDA:6,RestakingConnector.delegateToWithEigenAgent
DA:266,5
DA:275,5
DA:277,5
DA:279,5
FN:292,RestakingConnector.undelegateWithEigenAgent
FNDA:3,RestakingConnector.undelegateWithEigenAgent
DA:293,2
DA:300,2
DA:302,2
DA:304,2
DA:306,2
DA:308,2
FN:324,RestakingConnector.getQueueWithdrawalBlock
FNDA:1,RestakingConnector.getQueueWithdrawalBlock
DA:325,1
FN:333,RestakingConnector.setQueueWithdrawalBlock
FNDA:2,RestakingConnector.setQueueWithdrawalBlock
DA:338,1
DA:339,1
FN:342,RestakingConnector.getEigenlayerContracts
FNDA:1,RestakingConnector.getEigenlayerContracts
DA:346,1
FN:349,RestakingConnector.setEigenlayerContracts
FNDA:145,RestakingConnector.setEigenlayerContracts
DA:355,144
DA:356,1
BRDA:356,4,0,1
DA:358,143
DA:359,1
BRDA:359,5,0,1
DA:361,142
DA:362,1
BRDA:362,6,0,1
DA:364,141
DA:365,141
DA:366,141
FN:369,RestakingConnector.setGasLimitsForFunctionSelectors
FNDA:2,RestakingConnector.setGasLimitsForFunctionSelectors
DA:374,2
BRDA:374,7,0,1
BRDA:374,7,1,1
DA:376,1
DA:377,2
DA:378,2
FN:382,RestakingConnector.getGasLimitForFunctionSelector
FNDA:7,RestakingConnector.getGasLimitForFunctionSelector
DA:383,7
DA:384,7
BRDA:384,8,0,5
BRDA:384,8,1,2
DA:385,5
DA:388,2
FNF:19
FNH:19
LF:72
LH:72
BRF:12
BRH:12
end_of_record
TN:
SF:src/SenderCCIP.sol
FN:22,SenderCCIP.
FNDA:72,SenderCCIP.
DA:23,72
FN:26,SenderCCIP.initialize
FNDA:71,SenderCCIP.initialize
DA:27,71
FN:30,SenderCCIP.getSenderHooks
FNDA:73,SenderCCIP.getSenderHooks
DA:31,73
FN:34,SenderCCIP.setSenderHooks
FNDA:75,SenderCCIP.setSenderHooks
DA:35,74
BRDA:35,0,0,1
BRDA:35,0,1,73
DA:36,73
FN:39,SenderCCIP._ccipReceive
FNDA:10,SenderCCIP._ccipReceive
DA:48,7
BRDA:48,1,0,2
BRDA:48,1,1,2
DA:49,2
DA:50,2
DA:52,5
DA:53,5
DA:56,7
DA:58,6
FN:68,SenderCCIP._afterCCIPReceiveMessage
FNDA:7,SenderCCIP._afterCCIPReceiveMessage
DA:72,7
DA:73,7
DA:75,7
BRDA:75,2,0,2
BRDA:75,2,1,1
DA:77,2
DA:80,2
DA:85,1
DA:87,1
DA:91,5
DA:92,5
DA:95,6
FN:105,SenderCCIP._buildCCIPMessage
FNDA:6,SenderCCIP._buildCCIPMessage
DA:114,6
DA:115,6
BRDA:115,3,0,4
BRDA:115,3,1,2
DA:118,4
DA:120,2
DA:121,2
DA:127,6
DA:129,6
DA:131,6
DA:132,6
BRDA:132,4,0,3
DA:133,3
DA:136,6
DA:138,5
FNF:7
FNH:7
LF:34
LH:34
BRF:9
BRH:9
end_of_record
TN:
SF:src/SenderHooks.sol
FN:33,SenderHooks.
FNDA:73,SenderHooks.
DA:34,73
FN:37,SenderHooks.initialize
FNDA:72,SenderHooks.initialize
DA:40,71
DA:42,71
DA:44,71
DA:46,71
DA:48,71
DA:50,71
DA:52,71
FN:55,SenderHooks.onlySenderCCIP
FNDA:265,SenderHooks.onlySenderCCIP
DA:56,265
BRDA:56,0,0,257
BRDA:56,0,1,8
FN:60,SenderHooks.getSenderCCIP
FNDA:73,SenderHooks.getSenderCCIP
DA:61,73
FN:64,SenderHooks.setSenderCCIP
FNDA:75,SenderHooks.setSenderCCIP
DA:65,74
DA:66,1
BRDA:66,1,0,1
DA:68,73
FN:71,SenderHooks.isWithdrawalTransferRootSpent
FNDA:1,SenderHooks.isWithdrawalTransferRootSpent
DA:74,1
FN:77,SenderHooks.handleTransferToAgentOwner
FNDA:2,SenderHooks.handleTransferToAgentOwner
DA:82,2
DA:84,2
DA:86,2
BRDA:86,2,0,1
BRDA:86,2,1,1
DA:91,1
DA:95,1
DA:98,1
DA:103,1
FN:112,SenderHooks.beforeSendCCIPMessage
FNDA:265,SenderHooks.beforeSendCCIPMessage
DA:114,8
DA:116,8
BRDA:116,3,0,4
DA:118,4
FN:123,SenderHooks.calculateWithdrawalRoot
FNDA:260,SenderHooks.calculateWithdrawalRoot
DA:127,263
FN:131,SenderHooks.calculateWithdrawalTransferRoot
FNDA:0,SenderHooks.calculateWithdrawalTransferRoot
DA:136,3
FN:139,SenderHooks._commitWithdrawalTransferRootInfo
FNDA:4,SenderHooks._commitWithdrawalTransferRootInfo
DA:144,4
BRDA:144,4,0,1
BRDA:144,4,1,3
DA:149,3
DA:157,3
DA:160,3
BRDA:160,5,0,3
DA:165,3
DA:173,3
BRDA:173,6,0,1
BRDA:173,6,1,2
DA:179,2
DA:184,2
FN:193,SenderHooks.getWithdrawalTransferCommitment
FNDA:1,SenderHooks.getWithdrawalTransferCommitment
DA:197,1
FN:200,SenderHooks.setGasLimitsForFunctionSelectors
FNDA:2,SenderHooks.setGasLimitsForFunctionSelectors
DA:204,2
BRDA:204,7,0,1
BRDA:204,7,1,1
DA:205,1
DA:206,2
DA:207,2
FN:211,SenderHooks.getGasLimitForFunctionSelector
FNDA:9,SenderHooks.getGasLimitForFunctionSelector
DA:212,9
DA:213,9
BRDA:213,8,0,8
BRDA:213,8,1,1
DA:214,8
DA:217,1
FNF:14
FNH:13
LF:43
LH:43
BRF:15
BRH:15
end_of_record
TN:
SF:src/utils/Adminable.sol
FN:20,Adminable.__Adminable_init
FNDA:325,Adminable.__Adminable_init
DA:21,325
FN:24,Adminable.onlyAdmin
FNDA:2,Adminable.onlyAdmin
DA:25,2
BRDA:25,0,0,1
BRDA:25,0,1,1
FN:29,Adminable.onlyAdminOrOwner
FNDA:214,Adminable.onlyAdminOrOwner
DA:30,214
BRDA:30,1,0,2
BRDA:30,1,1,90
FN:34,Adminable.addAdmin
FNDA:286,Adminable.addAdmin
DA:35,285
FN:38,Adminable.removeAdmin
FNDA:2,Adminable.removeAdmin
DA:39,1
FN:42,Adminable.isAdmin
FNDA:2,Adminable.isAdmin
DA:43,2
FN:46,Adminable.isOwner
FNDA:70,Adminable.isOwner
DA:47,70
FNF:7
FNH:7
LF:7
LH:7
BRF:4
BRH:4
end_of_record
TN:
SF:src/utils/EigenlayerMsgDecoders.sol
FN:16,AgentOwnerSignature.decodeAgentOwnerSignature
FNDA:29,AgentOwnerSignature.decodeAgentOwnerSignature
DA:25,29
DA:26,29
DA:27,29
DA:30,29
DA:31,29
DA:32,29
DA:33,29
DA:34,29
DA:37,29
DA:39,29
FN:57,EigenlayerMsgDecoders.decodeDepositIntoStrategyMsg
FNDA:3,EigenlayerMsgDecoders.decodeDepositIntoStrategyMsg
DA:81,9
DA:82,9
DA:83,9
DA:86,9
FN:93,EigenlayerMsgDecoders.decodeMintEigenAgent
FNDA:1,EigenlayerMsgDecoders.decodeMintEigenAgent
DA:103,6
FN:115,EigenlayerMsgDecoders.decodeQueueWithdrawalsMsg
FNDA:2,EigenlayerMsgDecoders.decodeQueueWithdrawalsMsg
DA:146,4
DA:148,4
DA:151,4
BRDA:151,0,0,1
BRDA:151,0,1,3
DA:153,3
DA:155,3
DA:156,5
DA:157,5
DA:158,5
DA:166,3
DA:168,3
DA:174,3
FN:182,EigenlayerMsgDecoders._decodeSingleQueueWithdrawalMsg
FNDA:5,EigenlayerMsgDecoders._decodeSingleQueueWithdrawalMsg
DA:227,5
DA:228,5
DA:229,5
DA:230,5
DA:234,5
DA:240,5
DA:241,5
DA:242,5
DA:245,5
DA:251,5
DA:253,5
DA:255,5
DA:258,5
DA:259,5
DA:261,5
DA:262,5
DA:264,5
DA:265,5
DA:271,5
FN:282,EigenlayerMsgDecoders.decodeCompleteWithdrawalMsg
FNDA:1,EigenlayerMsgDecoders.decodeCompleteWithdrawalMsg
DA:338,7
DA:340,7
DA:346,7
FN:353,EigenlayerMsgDecoders._decodeCompleteWithdrawalMsgPart1
FNDA:7,EigenlayerMsgDecoders._decodeCompleteWithdrawalMsgPart1
DA:360,7
DA:361,7
DA:362,7
DA:363,7
DA:364,7
DA:367,7
DA:368,7
DA:369,7
DA:370,7
DA:382,7
DA:383,7
DA:384,7
DA:385,7
DA:386,7
DA:389,7
DA:390,7
DA:391,7
DA:392,7
DA:397,7
DA:398,7
DA:400,7
DA:401,7
DA:403,7
DA:413,7
FN:416,EigenlayerMsgDecoders._decodeCompleteWithdrawalMsgPart2
FNDA:7,EigenlayerMsgDecoders._decodeCompleteWithdrawalMsgPart2
DA:427,7
DA:428,7
DA:436,7
DA:437,7
DA:449,7
DA:450,7
DA:453,7
DA:454,7
DA:456,7
FN:465,EigenlayerMsgDecoders.decodeTransferToAgentOwnerMsg
FNDA:1,EigenlayerMsgDecoders.decodeTransferToAgentOwnerMsg
DA:475,3
DA:476,3
DA:479,3
DA:480,3
DA:483,3
FN:499,DelegationDecoders.decodeDelegateToMsg
FNDA:6,DelegationDecoders.decodeDelegateToMsg
DA:534,6
DA:536,6
DA:537,6
DA:538,6
DA:541,6
DA:542,6
DA:544,6
DA:545,6
DA:546,6
DA:547,6
DA:550,6
DA:552,6
DA:557,6
DA:563,6
FN:575,DelegationDecoders.decodeUndelegateMsg
FNDA:3,DelegationDecoders.decodeUndelegateMsg
DA:595,3
DA:598,3
DA:599,3
DA:602,3
DA:608,3
FNF:11
FNH:11
LF:105
LH:105
BRF:2
BRH:2
end_of_record
TN:
SF:src/utils/EigenlayerMsgEncoders.sol
FN:14,EigenlayerMsgEncoders.encodeDepositIntoStrategyMsg
FNDA:8,EigenlayerMsgEncoders.encodeDepositIntoStrategyMsg
DA:20,8
DA:27,8
FN:30,EigenlayerMsgEncoders.encodeQueueWithdrawalsMsg
FNDA:4,EigenlayerMsgEncoders.encodeQueueWithdrawalsMsg
DA:34,4
DA:40,4
FN:43,EigenlayerMsgEncoders.encodeCompleteWithdrawalMsg
FNDA:4,EigenlayerMsgEncoders.encodeCompleteWithdrawalMsg
DA:68,4
DA:77,4
FN:80,EigenlayerMsgEncoders.encodeDelegateTo
FNDA:6,EigenlayerMsgEncoders.encodeDelegateTo
DA:113,6
DA:120,6
FN:123,EigenlayerMsgEncoders.encodeUndelegateMsg
FNDA:3,EigenlayerMsgEncoders.encodeUndelegateMsg
DA:124,3
DA:129,3
FN:132,EigenlayerMsgEncoders.encodeMintEigenAgent
FNDA:2,EigenlayerMsgEncoders.encodeMintEigenAgent
DA:134,2
DA:139,2
FN:149,EigenlayerMsgEncoders.calculateWithdrawalTransferRoot
FNDA:4,EigenlayerMsgEncoders.calculateWithdrawalTransferRoot
DA:155,4
FN:158,EigenlayerMsgEncoders.encodeHandleTransferToAgentOwnerMsg
FNDA:4,EigenlayerMsgEncoders.encodeHandleTransferToAgentOwnerMsg
DA:162,4
DA:167,4
FNF:8
FNH:8
LF:15
LH:15
BRF:0
BRH:0
end_of_record
TN:
SF:src/utils/FunctionSelectorDecoder.sol
FN:8,FunctionSelectorDecoder.decodeFunctionSelector
FNDA:50,FunctionSelectorDecoder.decodeFunctionSelector
DA:10,50
DA:11,50
DA:12,50
DA:15,50
DA:16,50
DA:17,50
DA:20,50
FNF:1
FNH:1
LF:7
LH:7
BRF:0
BRH:0
end_of_record
TN:
SF:test/BaseTestEnvironment.t.sol
FN:63,BaseTestEnvironment.setUpForkedEnvironment
FNDA:37,BaseTestEnvironment.setUpForkedEnvironment
DA:65,37
DA:66,37
DA:67,37
DA:69,37
DA:70,37
DA:71,37
DA:73,37
DA:74,37
DA:75,37
DA:77,37
DA:78,37
DA:81,37
DA:84,37
DA:87,37
FN:90,BaseTestEnvironment._setupL1ForkedEnvironment
FNDA:37,BaseTestEnvironment._setupL1ForkedEnvironment
DA:94,37
DA:96,37
DA:97,37
DA:99,37
DA:110,37
DA:116,37
FN:119,BaseTestEnvironment._setupL2ForkedEnvironment
FNDA:37,BaseTestEnvironment._setupL2ForkedEnvironment
DA:123,37
DA:125,37
DA:127,37
DA:132,37
DA:134,37
FN:137,BaseTestEnvironment._whitelistContracts
FNDA:37,BaseTestEnvironment._whitelistContracts
DA:142,37
DA:143,37
DA:146,37
DA:147,37
DA:149,37
DA:150,37
DA:152,37
DA:154,37
DA:155,37
DA:157,37
DA:162,37
DA:163,37
DA:166,37
DA:167,37
DA:169,37
DA:170,37
DA:172,37
DA:173,37
DA:175,37
FN:178,BaseTestEnvironment.setUpLocalEnvironment
FNDA:32,BaseTestEnvironment.setUpLocalEnvironment
DA:180,32
DA:181,32
DA:182,32
DA:184,32
DA:185,32
DA:186,32
DA:188,32
DA:189,32
DA:190,32
DA:192,32
DA:193,32
DA:194,32
DA:201,32
DA:212,32
DA:218,32
DA:220,32
DA:223,32
DA:224,32
DA:226,32
DA:227,32
DA:229,32
DA:231,32
DA:232,32
DA:234,32
DA:239,32
DA:244,32
DA:246,32
DA:249,32
DA:250,32
DA:252,32
DA:253,32
DA:255,32
FNF:5
FNH:5
LF:76
LH:76
BRF:0
BRH:0
end_of_record
TN:
SF:test/mocks/AdminableMock.sol
FN:8,AdminableMock.
FNDA:4,AdminableMock.
DA:9,4
FN:12,AdminableMock.mockIsOwner
FNDA:1,AdminableMock.mockIsOwner
DA:13,1
FN:16,AdminableMock.mockOnlyAdmin
FNDA:2,AdminableMock.mockOnlyAdmin
DA:17,1
FN:20,AdminableMock.mockOnlyAdminOrOwner
FNDA:2,AdminableMock.mockOnlyAdminOrOwner
DA:21,1
FNF:4
FNH:4
LF:4
LH:4
BRF:0
BRH:0
end_of_record
TN:
SF:test/mocks/ReceiverCCIPMock.sol
FN:14,ReceiverCCIPMock.
FNDA:71,ReceiverCCIPMock.
FN:16,ReceiverCCIPMock.mockCCIPReceive
FNDA:26,ReceiverCCIPMock.mockCCIPReceive
DA:17,26
FNF:2
FNH:2
LF:1
LH:1
BRF:0
BRH:0
end_of_record
TN:
SF:test/mocks/SenderCCIPMock.sol
FN:14,SenderCCIPMock.
FNDA:71,SenderCCIPMock.
FN:16,SenderCCIPMock.mockCCIPReceive
FNDA:10,SenderCCIPMock.mockCCIPReceive
DA:17,10
FNF:2
FNH:2
LF:1
LH:1
BRF:0
BRH:0
end_of_record
